Case #1: 3 20 23 22 20 18 17 16 15 14 13 12 11 10 9 6 5 4
Case #2: 17 14 21 20 19 17 13 11 26 22 21 20 18 14 13 11 7 24 24 22 18 12 9 24 23 22 21 19 18 14 13 11 10 9 13 24 30 29 21 6 27 21 18 17 10 9 7 23 24 23 18 17 9 22 21 16 15 13 10 21 23 13 9 4 7 18 14 13 12 11 5 4 30 11
Case #3: 9 32 25 24 31 28 70 61 56 54 62 57 19 17 28 15 49 36 76 73 63 62 40 68 58 66 60 29 46 35 93 84 83 81 21 6
Case #4: 24 12 49 45 38 34 28 28 26 21 16 10 44 36 27 27 19 16 49 48 43 40 29 31 27 26 24 20 18 16 12 43 42 40 39 37 31 30 29 28 32 30 51 49 39 76 74 70 69 64 62 60 41 38 36 28 25 42 39 33 31 26
Case #5: 32 31 28 26 24 23 18 17 16 15 13 11
Case #6: 18 18 25 24 23 22 23 20 16 3 16 20 7 22 21 16 14 27 23 19 10 4 22 21 6
Case #7: 50 42 33 28 33 20 20 7 43 41 63 44 10 -1 38 36 18 17
Case #8: 10 15 12 11 27 7 6 23 4 22 20 15 10 8 24 38 30 29
Case #9: 27 18 16 15 8 47 46 43 41 34 30 2 19 17 16 6 4 29 41 39 38 32 30 29 26 21 17 15 48 46 43 39 49 45 44 41 39 37 32 29 48 47 36 31 45 43 41 36 43 31 29 29 46 44 39 38 35 31 27 58 56 45 41 55 50 48 44 40 37 32 31 49 48 47 69 67 63 62 57 51 26 45 43 37 32
Case #10: 15 31 21 17 40 45 43 39 30 29 49 41 30 30 27 16 1 12 14 18 16 14 11 8 44 46 42 18 17 37 32 27 26 19 2 17 30 27 47 46 21 13 7 28 26 21 17 26 27 45 41
Case #11: 57 56 50 45 42 40 38 36 67 63 61 69 64 63 56 54 53 101 99 98 86 85 23 22 20 19 15 8 6 5 51 71 65 59 55 54 107 76 74 73 65 61 60 -1 -1 -1 -1 -1 -1 -1 -1 -1 -1 28 26 22 15 11 10 54 52 48 42 52 48 47 40 35 30 53 73 72 66 59 55 54 49 72 70 69 67 55 53 50 54 50 48 47 45 62 60 59 52
Case #12: 28 23 10 27 17 14 28 27 22 13 23 22
Case #13: 28 40 33 30 36 52 45 44 43 -1 -1 -1 -1 -1 -1 -1 -1 -1 -1 -1 -1 25 48 45 44 43 42 40 33 29 54 49 48 47 44 36 6 29 26 21 20 18 17 16 12 11 7 30 46 41 39 38 36 33 31 16 21 30 29 28 27 26 25 21 20 18 15 14 13 48 40 39 36 34 30 49 46 44 43 39 36 32 28
Case #14: 49 35 34 62 61 58 57 53 48 37 36 51 41 40 39 34 32 -1 22 12 8 4 37 28 39 38 37 31 27 1 7 6 3 77 74 69 56 29 42 36 33 44 37 36 34 30
Case #15: 24 23 23 31 30 47 22 20 43 40 29 17 27 25 20 9 6 3 28 25 21 44 39 37 27 -1 27 43 36 29 20 17 16 14
Case #16: 26 19 10 9 24 21 20 19 13 7 6 2 21 17 14 13 9 4 23 20 14 13 8 7 17 25 26 25 23 15 11 10 17 13 5
Case #17: 8 27 25 20 18 13 11 9 22 21 18 13 12 11 7 23 21 19 16 14 12 11 9 47 44 42 41 39 36 34 33 32 30 33 32 51 46 40 35 34 28 27 26 24 15 11 8
Case #18: 5 26 27 26 25 24 23 22 20 19 18 17 16 15 13 12 11 10 9 8 7 6 8 28 28 29 27 26 25 24 23 21 20 19 18 17 15 14 11 10 9 6 22 23 27 26 25 24 23 22 21 20 18 17 16 15 14 13 12 10 9 8 7 3 26 25 24 23 22 21 19 18 17 16 15 14 13 12 11 10 9 8 7 6 5 4
Case #19: 6 20 18 44 35 33 1 40 20 15 12 38 19 20 21 16 25 10 25 20 16 13 14 26 31 28
Case #20: 15 29 26 25 24 21 19 18 16 29 28 27 26 25 24 22 21 15 13 24 25 23 17 12 10 4 21 23 22 21 21 20 18 14 10 7 6 5 5 24 23 23 22 21 20 19 17 16 15 14 12 11 9 8 29 26 25 24 23 18 17 16 13 12 18 15 10 7 6 4 24 43 41 40 39 38 34 27 25
Case #21: 25 29 25 22 21 15 13 23 22 42 40 32 27 26 25 20 19 16 15 14 8 28 29 28 26 25 21 20 15 13 25 20 19 17 11 10 8 19 18 19 22 20 9 7 9 23 20 13 14 21 21 19 19 14 12 11 10 28 24 20 19 18 14
Case #22: 23 31 43 41 40 36 34 33 32 31 30 29 26 9 26 25 24 22 16 14 13 12 28 27 45 42 41 40 38 34 33 30 28 27 21 19 16 10 9 7 28 46 45 43 40 37 36 34 33 32 30 29 30 28 26 21 20 19 9
Case #23: 2 20 19 18 16 14 12 9 6 3
Case #24: 4 16 21 20 18 17 16 11 10 8 5 47 46 45 45 44 43 34 31 29 27 25 22 31 30 27 25 20 17 16 14 10 22 21 18 16 16 15 13 12 10 9 6 1 11 19 17 16 14 12 11 9 8 7 5 2 5 25 24 22 19 18 13 12 11 9 25 26 29 29 19 16 14 12
Case #25: 38 34 40 17 9 7 37 37 21 17
Case #26: 28 13 41 38 29 46 29 21 35 33 32 29 24 22 43 38 37 34 30 45 44 43 36 31 29 28 49 32 31 50 49 47 45 36 12 10 24 17 26 25 36 31 22 21 8 23 21 10 5 25 22 16 26 33 43 43 40 27 37 23 22 18 17 6 3 21 22 20 19 18 41 39
Case #27: 9 29 26 25 24 23 22 21 19 13 12 1 22 21 21 19 15 14 11 10 9 7 5 4 3 2 8 25 29 28 28 26 25 23 21 20 19 18 17 16 15 13 12 11 10 9 24 22 21 20 19 14 11 10 9 8 6 5 4 3
Case #28: 23 27 27 27 25 24 23 20 19 18 13 10 12 17 20 25 23 22 18 15 12 11 10 8 13 15 21 26 24 23 20 18 17 15 14 13 12 11 9 4 23 22 21 20 19 18 17 14 13 9 8 7 6 18 27 25 28 27 24 23 19 17 14 12 22 20 19 18 16 15 12 11 10 9 8 7 6 5 3 2 15 15 20 19 17 15 13 12 10 9 8 7 6 3
Case #29: 29 28 47 46 38 35 32 31 28 27 30 25 18 17 12 6 22 22 21 21 20 20 18 14 12 8 24 23 21 12 21 25 28 27 20 16 13 6 8 24 21 15 14 12 25 27 30 32 40 38 37 36 32 31 28 26
Case #30: 20 19 15 6 6 35 20 35 26 24 10 24 22 11 10 24 21 26 24 14 12 24 18 16 9 43 35 32
Case #31: 29 39 34 29 31 22 30 28 13 12 48 38 44 42 28 43 39 37 32 30 25 15 25 19 36 35 31 20 13 44 32 10 5 25 28 37
Case #32: 22 19 11 7 6 4 2 19 17 14 10 17 35 34 32 27 26 5 20 22 14 8 28 27 26 25 24 23 22 20 15 24 23 27 24 17 11 10 29 28 27 26 17 24 25 23 23 18 17 15 9 30 29 28 27 25 21 16 14 2 23 20 18 15 4 3 2 21 23 20 17 7 6 3 23 20 17 15 6 24 25 22 35 33 30 28 25 21 19 22 19 15 11 7
Case #33: 34 49 45 44 38 36 56 73 72 71 54 72 67 63 58 26 25 47 42 39 50 49 39 35 31 50 59 53 50 68 66 62 60 58 56 55 7 14 9 23 44 43 32 29 33 32 30 24 23 20 17 13 12 33 51 48 44 40 34 17 26 27 25 24 19 10 52 51 54 41 39 37 47 46 45 41 38 36 35 30 34 32 31 52 51 49 48 46 42 40 38 29 46 44 39 34 31
Case #34: -1 -1 -1 -1 -1 -1 -1 -1 -1 -1 61 59 53 45 43 35 12 36 34 -1 39 26 -1 -1 -1 -1 -1 -1 96 90 82 81
Case #35: 24 22 21 19 11 7 22 18 15 13 21 19 16 12 11 27 24 17 12 22 15 7 35 30 24 21 24 15 13 19 10 5 40 39 31 41 31 20 14 17 18 9 15 22 22 21 20 16 25 23 25 24 14
Case #36: 17 16 15 17 11 20 14 13 10 24 36 33 32 27 18 19 20 7 17 15 11 10 22 25 16 10
Case #37: 49 53 32 70 62 55 67 64 47 43 26 25 30 45 33 46 44 26 52 58 47 45 50 48 29 59 50 67 18 15 9
Case #38: 27 30 24 21 16 14 23 16 14 11 6 5 28 23 21 23 22 19 13 8 7 5 22 17 11 21 33 30 25 22 22 26 23 38 31 28 23 20 18 13 12 11 10 7 43 36 34 31
Case #39: 45 43 41 40 38 37 31 30 26 27 24 19 18 16 14 13 11 10 22 21 17 16 12 11 4 1 21 19 14 13 12 10 6 24 28 26 22 20 17 13 4 26 23 20 19 18 17 15 14 12 9 7 6 6 21 20 19 17 15 12 11 10 9 8 7
Case #40: 26 42 40 37 32 31 29 28 29 30 29 28 27 25 24 22 21 17 16 26 21 19 18 17 14 10 9 8 28 13 11 25 22 43 41 39 37 35 32 26 24 23 42 38 34 31 26 25 29 33 28 27 24 21 20 18 16 15 13 11
Case #41: 24 16 15 14 25 21 32 27 43 35 33 32 43 40 37 36 32 14 28 28 21 23 15 1 16 15 11 10 3 48 45 41 39 35 32
Case #42: 48 67 65 62 59 49 -1 -1 -1 -1 -1 -1 -1 -1 -1 -1 -1 33 55 53 50 46 44 40 37 35 27 48 45 44 43 42 35 34 33 29 61 69 68 67 62 61 60 57 56 -1 -1 -1 -1 -1 -1 -1 -1 -1 -1 26 45 36 33 32 30 29 27 53 50 46 42 41 40 39 38 35 26 27 27 23 20 17 11 10 28 27 21 17 16 15 13 11 10 6
Case #43: 5 1 20 14 13 8 6 2 21 18 7 37 37 36 33 31 30 26 23 22 19 18 8 8 22 19 13 17 14 18 18 15 8 24 19 16 11 23 22 2 9 26 22 18 17 8
Case #44: 10 24 22 28 26 24 23 17 14 12 11 34 32 31 52 50 48 47 46 44 39 38 36 35 4 22 22 20 19 17 15 14 13 11 5 2 1 21 20 19 17 14 12 3 18 19 19 19 18 15 14 12 11 9 7 6 5 3 2 28 24 23 18 16 13 21 19 18 17 16 14 13 12 9 8 7 6 4 21 26 39 38 37 34 32 31 30 28 27 26 23
Case #45: 21 8 42 30 28 23 22 21 13 12 24 17 13 7 6 19 27 23 21 18 17 16 10 27 26 47 44 39 38 37 36 32 19 18 12 12 25 13 9 8
Case #46: 14 1 19 19 2 25 24 17 22 10
Case #47: 9 8 37 35 31 29 27 44 40 33 28 23 50 47 46 43 42 36 24 42 31 26 43 41 35 30 47 46 39 31 18 9 25 46 33 32 31 42 43 38 37 41 36 30 42 30 24 22 22 20 19 12 6 27 46 43 42 38 32 26 48 42 41 39 33
Case #48: 18 26 32 30 29 36 32 31 30 29 28 26 25 24 22 19 14 22 24 28 27 22 21 20 18 16 15 14 5 14 13 22 21 20 17 16 15 14 12 11 10 9 8 7 6 23 26 25 23 20 18 17 14 11 28 29 28 26 25 24 23 20 18 16 15 11 10 2 10 20 17 15 13 12 11 10 8 7 6 28 29 27 25 21 20 17 14 21 20 28 22 21 20 14 12 11
Case #49: 9 29 29 24 23 21 18 17 16 14 13 12 11 10 7 24 27 27 25 24 21 19 17 13 11 10 9 1 15 21 21 20 19 17 15 14 13 12 11 10 6 5 2 7 25 24 23 26 25 24 23 22 21 19 18 15 13 10 9 2 8 22 21 20 19 18 17 13 12 11 10 9 8 5 4 3 2 24 24 23 22 19 18 16 14 13 11 10 9 8 7 5 4 3
Case #50: 24 20 18 14 12 6 20 10 9 7 8 17 10 18 23 10 9 7 17 15 20 2 29 34 26 23 18 17 15 17 3 9 23 15 43 42 38 32 29 28 23 25 21 20 14 4 24 21 17 20 16 14 4
Case #51: 6 7 16 15 19 25 24 23 22 21 20 19 18 17 16 15 14 13 12 11 10 9 8 7 5 20 23 22 21 24 23 22 21 20 19 18 17 16 15 14 13 12 11 10 9 8 7 6 1 18 20 19 19 19 19 18 17 16 15 14 13 12 11 10 9 8 7 6 5 4 3 2 5 24 26 25 24 23 23 22 21 20 19 18 17 16 15 14 13 12 11 10 9 8 7 6
Case #52: 21 12 28 27 22 17 24 22 19 18 26 18 2 21 4 25 22 15 13 20 19 16 9 8 7 6 46 36 42 32 11 7 34 32 31 28 19 25 24 18 9
Case #53: 18 11 -1 -1 -1 -1 44 33 27 40 36 71 70 88 85 84 77 67 55 97 117 110 89 84 81 79 -1 -1 -1 -1 -1 23 20 13 10 68 61 60 95 94 93 87 82 37
Case #54: 8 12 22 23 25 25 23 22 20 19 18 17 16 15 13 11 10 9
Case #55: 27 40 28 6 30 44 41 26 39 34 30 20 11 24 44 36 7 17 9 8 26 28 21 12 27 40 29 37 34 33 32 22 22 43 41 32 26 25 18 20
Case #56: 2 25 20 19 18 15 14 13 12 10 8 7 4 3 4 18 23 22 20 19 18 16 15 14 12 9 8 6 5 9 8 17 22 28 27 25 22 21 19 18 16 15 13 12 11 1 20 21 17 16 15 14 12 10 9 8 5 3
Case #57: 20 17 3 45 38 37 36 25 56 48 45 35 51 37 34 30 52 46 36 78 75 74 73 72 71 69 63 29 25 16 15 31 29 28 26 67 65 64 62 60 44 41 36 33
Case #58: 9 24 27 28 27 25 24 22 21 20 17 16 15 14 13 10 10 18 21 27 29 27 26 25 24 23 22 20 18 16 14 13 12 11 21 29 38 35 31 30 29 28 27 26 22 1 10 19 20 19 18 17 15 14 13 12 11 10 8 7 4 3 2 20 29 27 26 24 20 18 17 16 14 13 27 26 25 29 27 26 25 23 20 19 17 16 15 14 11
Case #59: 43 40 35 2 20 14 4 36 27 44 40 39 38 34 32 7 20 17 43 26 29 13 5 28 48 33 31 2 9 8 17 25 24
Case #60: 28 27 24 33 34 32 16 25 33 16 10 20 18 11 7 46 43 33 30 30 26 19 26 24 22 24 19
Case #61: 78 74 72 71 67 57 43 52 51 64 58 56 53 47 45 31 52 48 42 41 39 34 33 64 53 52 27 24 23 20 18 17 16 11 7 125 147 145 140 138 136 132 130 129 128 119 117 114 112 110 106 25 46 45 44 36 34 32 31 60 81 76 73 71 70 63 93 90 85 84 76 75 27 46 44 42 41 39 37 36 35 29 28 169 167 166 165 163 162 158 155 152 149
Case #62: 27 24 20 19 16 14 13 20 8 15 18 14 18 37 36 27 26 40 38 24 35 33
Case #63: 23 18 17 10 29 28 28 24 22 18 16 28 27 45 44 41 36 31 27 28 48 46 42 34 32 25 31 30 43 44 43 37 36 35 28 27 26 29 28 26 22 20 19 12 10 9 10 20 21 18 16 14 12 10 8 6 33 31 40 40 39 36 31 29 26 44 43 40 38 35 32 29 29 34 32 30 25 24 17 16 37 44 40 38 36 35 31 26
Case #64: 54 68 59 57 7 26 25 23 21 19 12 9 47 44 42 41 35 32 45 44 47 45 40 34 33 32 17 26 24 22 24 23 17 14 12 26 48 48 42 41 36 33 29 53 49 48 44 52 50 64 57 52 27 26 48 47 44 40 37 35 34 33 60 60 58 53 50 49 43 73 68 64 63 62 61 57 30 29 28 29 26 30 28 24 42 29 19 18 17 16 12 3
Case #65: 22 21 15 14 8 22 9 21 7 16 15 18 10 22 16 12 25 24 20 11 9 25 19 13 37 24 23 17 15 7 4 14 20 8 4 25 25 22 17 15 12 20 17 9 19 17 26 24 15
Case #66: 9 26 30 23 21 17 16 10 31 22 19 15 14 13 25 37 33 42 38 37 33 32 13 35 33 17 7 22 20 15 12 11 29 51 44 43 41 37 34 32 39 38 24 22 17 11 3 36 47 40 37 29 50 46 44 41 34 33 31 30 25 23 22 21 16 11 6 25 41 36 31 30 34 47 45
Case #67: 46 32 97 95 94 89 83 81 80 71 83 80 76 23 21 75 68 65 64 95 93 85 64 57 56 62 57 -1 -1 -1 -1 -1
Case #68: 23 27 39 38 30 29 26 25 47 45 44 42 40 34 33 31 30 29 25 24 43 42 43 42 41 34 30 6 20 23 25 24 23 22 21 20 15 14 13 12 9 27 26 25 24 22 20 19 18 17 16 14 9 2 20 7 6 3 28 28 24 22 14 23 29 26 22 21 19 17 16 13 12 11 43 42 44 42 40 38 37 36 33 29
Case #69: 7 26 24 23 18 13 12 11 10 8
Case #70: 26 27 42 39 35 32 27 27 24 20 8 23 9 28 41 40 34 31 29 38 36 34 32 29 13 20 15 6 27 24 19 13 22 20 17 4 46 43 42 41 35 30 30 38 37 35 28 24 22 23 21
Case #71: 28 47 42 37 19 18 17 26 38 36 34 33 26 22 18 15 9 8 20 22 19 18 15 14 13 8 29 32 50 44 41 40 32 24 22 19 16 13 12 11 8 20 14 12 6 25 41 38 36 32 31 28 32 31 45 44 43 36 35 28 27 24 23 17 26 43 41 37 35 32 31 29 17 15 31 51 43 39 37 23 34 33 30 17 20 25 38 34 33 27 26 25 23 21 49 41 39 37 36
Case #72: 29 27 40 38 29 27 24 30 25 23 20 17 9 24 26 24 21 12 11 22 22 21 9 7 3 19 13 9 8 25 26 22 21 19 18 13 22 21 19 15 7 26 24 21 17 16 5 5 25 24 19 15 11 7
Case #73: 15 29 18 12 24 16 13 53 43 34 46 40 37 36 42 41 54 33 54 46 44 31 29 27 52 47 41
Case #74: 19 29 22 14 12 11 4 24 21 37 38 29
Case #75: 26 26 20 19 18 15 13 7 27 25 25 20 13 18 19 11 7 24 22 19 14 12 10 9 23 21 25 24 22 18 14 13 19 16 12 8 7 5 23 12 11 19 14 11 5 4 18 19 9 6 17 14 13 7 5 2 22 21 25 24 21 18 13
Case #76: 1 5 17 21 21 20 19 17 16 15 14 13 12 11 10 9 8 7 6 5 4 3 2 4 19 26 25 24 23 22 21 20 19 18 16 15 14 13 12 11 10 9 7 6 5 1 12 17 19 21 20 19 18 17 16 15 14 13 11 10 7 6 5 3 2 19 22 21 21 23 23 22 21 20 19 18 17 16 13 12 11 10 9 8 7 6
Case #77: 21 24 20 12 8 14 16 2 16 18 17 15 14 13 12 5 4 3 4 22 21 18 24 21 11 8 7 4 22 22 20 15 10 10 24 21 24 22 21 19 14 23 11 9 22 21 19 15 9 3 10 25 28 25 21 17 16 11 24 20 19 16 8 18 12 11 26 25 23 19 18 14 13 12 24 21 20 19 13 11 7 6
Case #78: 30 23 19 15 14 10 23 21 17 10 27 25 24 21 28 32 29 3 18 14 8 5 26 39
Case #79: 29 25 20 19 15 14 11 3 16 14 13 11 9 25 24 44 41 36 33 32 31 30 26 9 19 25 25 23 19 13 21 41 40 35 34 33 27 25 38 35 33 32 30 28
Case #80: 25 26 25 24 24 22 21 15 12 11 14 14 17 10 9 1 19 19 18 17 15 14 9 7 3 3 13 21 21 19 7 25 23 22 21 18 15 13 12 23 21 33 27 26 25 20 19 16 15 24 22 23 22 43 42 41 40 36 35 26 25 9 24 23 27 22 17 10 3 15 21 15 11 1 13 12 8 7 6 3 18 21 14 11 10 7
Case #81: 29 45 41 40 36 35 33 32 31 26 26 43 42 39 33 31 30 29 28 27 8 22 29 27 25 24 23 20 19 18 16 13 11 9 26 23 22 21 20 19 18 17 15 13 12 11 9 8 6 5 12 23 20 16 15 14 12 11 10 8 42 41 39 36 35 34 33 32 30 29 26 30 28 22 21 19 18 11 26 42 41 40 39 37 29
Case #82: 6 17 16 13 12 26 24 38 34 32 31 21 17 5 41 36 35 31 38 29 20 18 16 5 4 16 39 38 37 30 27 19 15 20 22 15 25 26 24 15
Case #83: -1 -1 -1 -1 -1 -1 -1 -1 -1 -1 -1 -1 -1 -1 -1 -1 -1 -1 -1 -1 -1 -1 -1 -1 -1 -1 -1 -1 -1 -1 -1 -1 -1 -1 -1 -1 -1 -1 -1 -1 -1 -1 -1 -1 -1 -1 -1 -1 -1 -1 -1 -1 -1 -1 -1 -1 -1 -1 -1 -1 -1 -1 -1 -1 -1 -1 -1 -1 -1 -1 -1 -1 -1 -1 -1 -1 21 21
Case #84: 3 8 14 17 22 21 21 20 19 18 17 16 15 14 13 12 11 10 9 8 7 6 5 4
Case #85: 32 23 44 40 14 4 25 37 13 11 25 24 26 25 13 16 25 22 19 22 17 35 22
Case #86: 13 26 30 28 27 26 22 17 4 22 22 19 14 9 6 1 13 10 8 7 4 2 40 47 46 43 35 34 29 28 27 16 27 26 35 32 24 20 27 45 43 41 40 39 34 28 16 17 6 29 46 45 33 25 46 40 38 34 31 32 31 51 48 47 45 37 19 39 33 32 30 29 21 34 57 55 53 51 49 45 39 37 55 46 44 42 37
Case #87: -1 -1 -1 -1 -1 -1 -1 -1 -1 -1 -1 -1 -1
Case #88: 4 7 24 23 22 21 20 19 18 17 16 14 13 10 9 8 7 6 5
Case #89: 4 25 26 25 24 23 21 20 19 18 16 15 14 13 12 11 10 9 8 7 6 5 5 25 25 26 25 24 23 22 21 20 18 17 16 14 13 12 11 10 9 8 6 7 20 23 26 26 25 24 22 22 21 20 19 18 17 16 15 14 13 12 11 9 8 9 21 22 30 29 27 26 25 24 22 19 18 17 16 15 14 13 12 11
Case #90: 32 31 2 10 33 24 3 4 22 21 12 6 25 31 41 40 36 33 29 26 24 24 17 25 41 31 28 26 27 22 15 13 21 35 34 27 24 15 31 30 19 18 13 12 28 20 13 23 16 10 9 8 4 19 18 24 10
Case #91: 18 25 25 22 21 19 18 17 14 13 12 11 8 7 7 27 27 26 24 22 20 18 16 15 13 12 11 10 2 7 20 19 18 16 13 12 9 8 6 5 4 3
Case #92: 26 31 22 7 23 21 14 10 21 30 38 30 29 32 44 43 41 37 30 28 30 34 32 24 29 41 37 18 19 12 34 33 21 24 41 40 36 27 25 23 40 38 34 33 32 28 27 37 53 52 44 42 40 24 28 22 20 23 13 9 21 18 12 6 21 20 16 15 11 28 46 47 46 43 32 31 28 27 31
Case #93: 6 17 11 20 19 9 11 11 24 35 17 39 1 24
Case #94: 43 12 17 25 43 38 36 33 27 45 40 38 37 36 27 40 37 34 33 32 28 6 17 14 12 11 9 48 46 56 54 53 47 43 44 41 44 43 29 28 49 47 44 40 32 21 33 24 34 27 24 22 29 28 44 39 26 24 23 19 20 16 29 38 22 21 17 16 15 11 9 6
Case #95: 9 25 24 29 28 26 24 22 21 20 19 18 16 15 14 13 11 10 2 20 21 20 19 18 17 16 12 10 9 8 7 5 4 2 13 22 20 15 14 13 12 9 8 6 5 4 3
Case #96: 4 5 17 22 22 22 21 20 17 16 15 13 12 11 10 9 7 6 5 3 25 24 23 22 21 20 20 19 18 17 16 15 14 13 11 10 9 8 7 6 5 4 5 9 20 22 21 22 21 20 19 18 17 16 15 14 13 12 11 10 9 8 7 6
Case #97: 6 24 10 8 26 23 20 15 13 20 18 16 25 24 16 15 10
Case #98: 26 19 17 13 12 11 10 26 31 30 27 26 24 23 20 17 16 11
Case #99: 26 46 41 54 49 22 18 17 6 28 39 35 29 51 50 41 32 30 31 23 38 34 25 23 36 35 31 40 32 28 39 34 33 26 38 51 45 39 32 26 40 36 42 38 33 21 9 30 33 32 31 29 27
Case #100: 22 6 24 22 18 23 21 8 27 22 20 18 16 12 27 26 28 24 19 17 14 5 23 24 23 36 35 6 23 15 13 10 24 27 19 24 18 14 11 15 25 23 21 30 22 41 38 29 15
