Case #1:
4
3
3
3
4
4
4
4
5
5
5
5
5
7
7
7
9
9
11
11
11
11
11
10
10
10
10
10
10
10
11
11
11
10
10
10
10
10
10
11
11
10
10
9
9
8
8
8
8
8
8
8
8
8
8
7
8
8
9
9
9
9
9
10
10
10
10
10
10
10
9
9
9
9
9
10
10
10
10
9
9
9
9
7
7
7
7
7
7
7
7
7
7
7
7
7
7
7
8
8
8
11
11
11
11
10
10
10
10
10
10
10
10
10
10
10
10
10
9
9
8
8
8
9
9
9
9
9
9
9
9
9
9
9
9
9
9
9
9
9
8
8
8
8
8
9
9
9
10
10
10
10
10
10
10
10
10
10
10
10
10
10
10
10
10
10
10
10
10
10
10
10
10
10
10
10
10
10
10
10
10
9
9
9
9
9
9
9
9
9
9
9
9
9
9
9
9
9
9
9
9
9
9
9
9
9
9
9
9
9
9
9
9
9
9
9
9
9
9
9
9
9
9
9
9
9
9
9
9
9
9
9
9
9
9
9
9
9
9
9
9
9
9
9
9
9
9
9
9
9
9
9
9
9
9
9
9
9
9
9
9
9
9
9
9
9
9
9
9
9
9
9
9
9
9
9
9
9
9
9
9
9
9
9
9
9
9
9
9
9
9
9
9
9
9
9
9
9
9
9
9
9
9
9
9
9
9
9
9
9
9
9
10
10
10
10
10
10
10
10
10
10
10
10
10
10
10
10
10
10
10
10
10
10
10
10
10
10
10
10
10
10
10
10
10
10
10
10
10
10
10
10
10
10
10
10
10
10
10
10
10
10
10
10
10
10
10
10
10
10
10
10
10
10
10
10
10
10
10
10
10
10
10
10
10
10
10
10
10
10
10
10
10
10
10
10
10
10
10
10
10
10
10
10
10
10
10
10
10
10
10
10
10
10
10
10
10
10
10
10
10
10
10
10
10
10
10
10
10
10
10
10
10
10
10
10
10
10
10
10
10
10
10
10
10
10
10
10
10
10
10
10
10
10
10
10
10
10
10
10
10
10
10
10
10
10
Case #2:
149
149
149
147
147
146
146
145
145
145
145
145
145
145
145
145
148
146
147
147
148
148
148
148
148
148
148
148
147
149
149
149
150
150
150
150
150
148
148
146
146
145
145
145
145
145
145
145
143
143
142
141
141
143
143
141
140
140
140
139
138
138
138
138
138
139
139
139
139
139
139
140
140
140
140
140
140
140
140
140
140
138
138
138
138
138
139
139
138
137
136
136
136
136
136
134
136
136
136
136
136
136
136
135
135
135
135
135
135
135
133
132
132
132
132
131
130
127
127
127
127
127
126
126
125
126
127
129
129
129
129
129
129
129
129
126
126
126
126
126
126
125
125
125
125
125
125
127
127
127
127
127
127
125
126
126
128
128
127
127
127
127
127
127
129
131
131
131
133
132
131
131
131
131
133
132
132
132
130
130
130
130
130
128
128
128
128
128
128
128
128
128
128
129
129
129
129
129
129
129
129
131
131
131
131
131
131
131
131
131
131
131
132
132
132
134
136
136
135
135
135
135
135
135
135
135
135
135
135
135
135
137
137
137
137
138
138
137
137
138
138
138
138
138
138
138
138
138
138
138
139
139
139
136
135
135
135
135
135
135
135
134
134
134
134
134
135
135
136
136
136
136
136
136
138
139
139
139
139
140
141
140
136
136
Case #3:
253
254
254
253
253
252
253
253
253
253
253
254
254
254
254
255
255
257
257
257
257
256
255
256
256
256
256
255
255
250
250
251
251
249
249
250
250
250
250
252
252
252
252
252
252
252
252
252
252
252
251
249
249
249
249
248
247
248
248
248
248
248
248
248
250
251
251
251
252
253
251
251
251
251
251
249
248
248
248
248
247
247
247
249
248
248
245
245
244
243
243
243
242
242
242
242
242
242
242
242
242
242
242
242
242
242
242
240
240
240
241
241
241
241
242
242
241
241
241
241
238
238
238
238
239
239
238
238
238
238
238
238
238
238
238
Case #4:
271
271
273
275
275
275
275
275
275
275
275
275
275
275
275
276
276
276
276
276
276
276
276
276
276
277
277
277
277
277
277
277
277
277
279
279
279
281
283
284
284
283
283
283
283
283
283
282
282
282
282
282
282
282
282
281
281
281
281
283
283
283
283
283
283
283
283
283
284
284
284
284
283
283
282
282
282
283
282
282
282
283
283
284
285
287
286
286
286
Case #5:
690
690
690
690
687
686
686
686
688
688
688
688
687
687
688
688
688
688
688
688
688
690
690
690
690
689
689
688
689
688
688
688
688
688
688
688
688
689
689
689
691
691
691
691
691
691
691
691
691
692
692
691
691
691
691
691
693
693
693
693
693
693
693
693
693
694
694
694
695
695
695
695
695
695
695
695
697
697
698
697
697
697
697
696
697
697
697
697
697
697
697
696
696
696
696
701
701
704
703
703
703
703
703
703
703
702
704
704
708
708
708
708
707
708
708
708
707
706
706
709
709
709
709
709
709
709
709
708
708
708
708
708
709
709
709
709
709
709
709
709
708
708
708
708
708
708
708
707
707
707
707
706
707
707
707
707
709
710
710
709
710
708
708
708
708
708
709
709
709
709
710
711
711
711
708
708
708
708
707
707
707
704
701
705
705
705
705
705
705
705
704
704
703
703
703
705
705
705
701
700
699
697
697
697
697
697
697
697
697
697
695
695
695
695
695
696
696
696
698
698
698
698
698
698
698
698
698
697
697
696
696
696
696
696
696
696
696
697
698
698
698
699
698
696
693
694
694
695
695
695
695
695
694
694
694
694
695
699
699
699
699
699
699
700
701
700
700
700
699
699
699
699
698
698
699
699
698
698
697
698
698
699
699
700
700
700
699
699
699
699
700
700
700
701
701
701
701
701
700
698
697
697
697
699
699
699
699
698
699
699
699
699
699
699
698
698
700
700
700
700
699
698
698
698
698
697
697
697
697
697
697
695
695
695
694
694
693
693
694
694
694
694
696
696
696
696
697
697
697
697
697
697
697
697
699
699
697
697
697
698
698
698
696
697
697
697
697
697
696
696
695
697
697
696
696
695
695
695
695
695
695
695
697
697
696
696
697
697
697
698
698
700
700
700
700
701
701
701
701
701
701
701
702
702
702
702
702
702
702
705
705
704
704
704
704
704
704
704
703
703
703
703
703
703
703
703
704
705
705
706
706
704
705
705
705
705
705
702
702
697
697
697
697
695
694
694
694
694
696
696
696
696
696
696
696
696
696
696
696
696
695
693
695
695
695
696
695
695
695
694
694
694
693
693
693
693
693
693
693
693
693
694
694
694
694
694
694
694
694
694
694
693
693
693
693
693
691
691
Case #6:
74
74
74
73
73
73
73
70
70
70
70
72
71
71
71
71
71
71
73
73
73
73
74
74
74
74
74
74
74
74
74
74
73
73
72
72
72
70
72
72
72
72
72
71
71
71
71
70
70
70
70
70
71
71
72
72
72
70
71
71
70
70
73
72
72
72
72
72
71
73
74
72
72
72
72
72
72
72
72
72
71
71
71
71
71
69
69
69
69
70
70
70
71
71
72
72
72
71
71
71
71
71
71
73
73
73
71
71
70
69
68
68
68
68
68
68
68
67
69
69
69
69
69
69
68
68
68
68
72
73
73
73
73
73
73
73
73
76
76
76
76
76
76
77
78
78
78
77
77
76
77
77
77
77
77
77
77
78
79
79
79
79
78
78
78
80
80
80
80
79
80
81
80
80
80
80
83
83
83
83
81
81
81
81
82
82
81
81
81
81
81
81
80
77
77
77
78
78
78
78
78
78
78
78
78
77
77
77
77
77
77
78
78
78
78
78
78
78
76
77
77
77
77
77
77
76
76
76
75
75
75
75
74
74
71
71
71
71
71
71
71
71
71
71
71
71
71
71
74
74
74
74
75
75
75
72
74
74
74
Case #7:
159
159
159
161
159
160
160
159
159
158
158
158
157
157
157
157
157
157
155
155
153
154
155
155
154
154
154
154
155
153
153
153
153
153
153
152
152
152
154
154
154
154
154
155
155
157
159
160
159
159
159
158
158
157
157
157
157
157
157
159
159
159
161
161
163
163
163
163
162
161
161
163
163
163
163
163
163
163
163
163
163
163
163
163
163
163
164
164
165
165
166
166
165
165
165
163
165
164
164
164
164
164
164
164
164
164
164
164
165
164
164
164
164
162
162
162
162
161
162
162
162
162
162
162
160
160
160
160
160
159
159
159
160
160
160
160
160
159
162
162
162
164
164
164
164
164
164
164
164
164
164
164
164
164
164
164
162
160
161
161
161
161
161
161
161
161
161
161
161
161
161
161
161
161
160
160
160
160
160
160
160
160
162
162
161
161
161
161
161
162
163
163
163
163
161
162
162
162
162
162
162
162
162
162
162
163
163
163
163
163
164
164
164
164
164
164
164
164
164
164
164
164
162
162
162
163
163
162
162
162
162
162
162
162
164
164
163
163
163
163
163
163
163
164
164
164
164
164
164
164
162
163
163
165
166
166
166
166
166
166
166
166
166
168
168
168
169
169
169
169
169
170
170
169
169
169
167
167
167
166
166
166
166
166
166
168
168
168
168
168
167
167
168
168
168
167
167
167
166
166
166
166
165
165
165
166
166
165
165
165
165
166
166
166
165
166
166
166
166
165
165
166
166
166
166
167
167
167
167
167
167
167
168
167
166
166
166
165
165
165
161
161
161
161
161
161
161
161
161
164
164
164
165
165
163
164
160
160
160
160
162
162
162
162
162
161
162
162
161
160
160
161
161
161
161
161
161
160
160
160
159
158
158
158
158
158
156
156
156
158
158
160
160
161
161
162
162
159
159
159
159
158
158
159
159
162
162
162
161
161
161
161
161
161
162
161
160
160
160
160
160
160
160
160
159
159
159
159
159
159
159
161
162
162
162
162
163
163
163
163
160
161
161
161
161
161
161
161
161
161
161
162
162
162
162
162
162
162
162
162
162
162
162
163
163
163
164
164
165
165
165
165
166
166
166
166
166
Case #8:
100
100
100
100
100
100
100
100
99
99
98
98
97
97
97
97
97
96
96
96
95
97
97
98
98
98
100
101
100
99
98
98
100
100
100
100
100
99
100
101
101
101
101
101
101
102
102
101
102
102
102
102
102
102
99
99
100
100
101
101
101
100
100
100
100
101
102
103
102
103
103
105
105
105
105
105
107
107
107
106
106
106
106
106
106
105
105
105
107
107
107
106
106
105
105
105
106
108
108
108
108
109
110
110
110
110
111
111
111
111
111
111
111
111
111
111
111
111
110
111
111
110
110
110
109
108
109
110
110
110
110
110
109
109
109
109
108
108
110
109
109
109
109
109
109
108
106
105
106
107
107
107
106
106
108
108
108
108
109
109
109
109
109
109
109
109
111
111
112
112
112
112
112
112
112
113
113
113
113
113
114
110
110
110
109
111
111
111
111
111
110
109
109
109
109
109
107
107
108
108
107
107
107
107
106
106
106
106
106
106
106
106
106
106
106
107
106
106
106
106
105
105
105
105
105
105
104
107
107
107
107
107
106
106
106
106
106
107
107
107
107
107
105
105
106
106
106
106
106
106
106
107
107
107
107
107
107
106
106
103
103
102
101
102
102
102
100
100
100
99
99
100
101
101
101
101
101
102
101
102
102
102
102
102
102
102
102
101
100
100
100
100
100
98
98
100
Case #9:
29
29
29
29
29
29
29
31
31
31
31
34
34
34
34
34
33
33
33
33
33
32
32
32
32
31
31
31
31
31
30
32
32
32
32
32
32
31
31
33
34
34
34
31
31
31
31
31
31
31
31
31
31
31
31
31
31
31
31
31
31
31
31
32
30
27
27
27
27
27
24
24
23
23
23
22
22
21
21
21
21
21
21
21
21
21
22
23
23
24
24
24
25
24
24
24
24
25
25
24
24
24
24
23
23
22
22
22
22
23
23
22
22
22
22
22
22
22
21
21
21
22
22
22
22
22
22
22
22
22
22
22
22
21
20
20
20
20
20
20
20
20
20
20
21
21
21
21
21
21
22
22
22
22
23
23
23
23
23
23
23
21
21
21
21
21
21
21
20
20
20
20
20
20
21
24
24
25
26
26
26
27
27
27
27
28
28
28
28
28
28
28
28
28
28
28
28
28
28
28
26
26
26
26
27
26
28
28
29
29
29
29
29
29
30
30
29
29
29
29
28
27
27
27
28
28
28
28
27
27
27
27
27
27
27
27
27
29
29
29
29
29
29
31
31
31
32
32
32
32
32
31
31
31
31
31
31
31
31
31
31
31
31
31
31
31
31
31
31
31
31
31
31
31
31
31
31
31
31
31
31
31
31
31
31
31
30
30
30
30
30
30
30
30
30
30
30
29
30
31
31
31
31
31
31
31
31
31
31
31
31
31
30
30
29
29
29
29
31
31
31
31
31
29
29
28
28
29
29
29
29
29
29
29
29
29
28
28
29
28
28
28
25
25
25
25
Case #10:
4
2
2
2
