Case #1:
349273.636914210
5861.975460488
6.000000000
81359.609152757
6362.022926533
31149.916011057
60106.156842112
20312.137809043
59589.890762057
143670.450059325
107595.483277180
125795.320997063
64704.830156004
64034.665836472
35877.274649026
8837.982557951
156392.969388083
45592.356864245
48402.907127391
589756.052586039
57135.485469597
592692276.459185719
71498.783666448
121999.791967202
77212.271969594
80986.879173786
218014.313088650
104298.829393910
75879.143884971
4769.964482996
42885.614025751
12945.049430293
46144.845961200
48290.208057720
129185.073625538
1510091.458849898
46434.506091429
39126.398842386
29744.312320357
39132.168099011
48936.561231303
32211.141828800
519672.547920732
78814.838552467
103529.946368209
89863.563514981
29554.302983855
300966.324838726
74589.067233410
57386.144076772
3.000000000
450078.603419795
117805.789549850
84712.329699854
63335.158840597
13291.773428673
690843.266396969
37519.483995494
14258.033949582
52576.063576145
21114.294522277
55564.350811136
29977.576378365
65944.289874329
85825.124174703
18844.844165770
44481.668655167
294965.947892406
39399.369024110
39143.011948869
Case #2:
64456.050019410
5458883.779111181
2993.336691507
704.324277814
196334.640569970
267827.100010603
375.393238492
190738.520517970
317.337748017
105917.066629482
800717.977316248
41834.661897123
14705448.499775335
93031.825341625
170.663975460
210509.628965329
120696.136715711
57546.958688208
5660038.764587632
4622576.561785435
119844.351544930
3593598.521723205
309820.084550176
98966.498316248
90784.675819281
566492.272586857
334304.019976185
62725.007310216
96242.752235016
336759.783118398
19928.540128271
2451662.719432914
692.304005220
1010.680440436
272026.113223194
305949.475562676
15646774.872879844
159275.603404022
317200.354368621
84012.141138898
40084.015985109
737515620.657183766
8793337.392601101
1111.605688401
38690.389970186
9603049.495810438
458154.004485285
35434.043328361
24904.258351480
3505028.321886085
197262.803237164
254687.263899344
148214.322471729
Case #3:
1252.948505354
47876.547149936
54759.104730062
409203.086405353
221356.865086454
253639.154165998
96364.883131694
2439148.285794452
1692874.962691030
161813.927200935
53820.799696772
5838422.659953627
69709.996853095
23913.552029031
30032.693020917
148635.264973209
436795.322456849
278173.126997487
354626.504295583
1528.758828797
Case #4:
28760.429715364
23262.403861069
42.838587205
39004.884788291
142609.659233723
2255488.442209528
9317.010009484
4774.152213163
120705.893363620
1052459.425328558
1608148.825314905
12926.191311447
1482686.363378578
27477.787985054
183.752551003
23262.403861069
361.393137732
683157.513744258
2982632.335017445
1323.239659573
23828.769797324
3748376.705582496
22216.678421304
706582.718534573
363608.681745988
150340.870841182
285851.160667905
1117746.069514083
226730.814603487
15475.605513727
56251.866289040
389.272047744
85663.827314717
3748376.705582496
5884.099846196
37181767.215396434
120705.893363620
2356.925787383
13154.848613791
36155.329666778
1625640.923695761
32368.880497095
37395257.362240888
2225622.892114421
909814.840397063
163707188.230598301
60381.441254486
2240.000000000
11485.489766520
8465.210132692
5270331.947431013
1450.314762063
86065.951864994
36571.363452713
20307536.746077370
3479.912001368
991.701661015
369198.203119651
6821973.417681070
97.970975717
148775.281980939
401806.712139058
741.576133271
Case #5:
14290.789521298
37689.000977930
138969.988326888
1395195.870583147
123519.988924198
9964.297881806
125288.133021436
51440.805441623
Case #6:
4672.595460240
8.366600265
109163.254657209
743653.452295439
10.000000000
32373.292697824
99566.987049114
51231.445645207
16023.699963298
7.488872387
279567.879018396
2782.555345137
1592.407664213
34116.807367690
43751.941403681
13561.065500288
23059.202040720
326500.340473935
1458.836104365
31541.729370116
33672.479613657
23913.561140969
35213.255678852
23749.521297343
21913.898501844
108.736381916
137282.132107943
13163.675872226
72172.706126190
27855.224018379
54337.211702762
305.108177537
11105.484948552
94614.005669459
5123.021563718
22708.019897977
Case #7:
81117.624334638
985558.645277776
2819377.075682488
85107.191547133
277519.659621774
288551.942582192
88841.333030946
351885.295251904
15507.028008782
357599.189430596
623974116.325146198
718010.963890472
893268.575912304
5789521.622400595
18380.402168826
97328.346068171
69.622594725
35678.356761956
152422.693138357
20086329.582406674
7.745966692
49979.012781914
346466.359621835
33378.144952025
2533621.287738677
150402.611898412
591012.884332493
108741.074791535
5589.292201144
42994.019048017
152942021.224322557
45835.878286404
2819377.075682488
985558.645277776
26907.222471565
2.000000000
29239507.230608396
546941.362540658
336632.324140237
1241231.881297650
51716.554251762
50094.729333393
15507.028008782
Case #8:
304166.400542699
428713.987451089
68364.423518377
1308178.807528890
261093.550507637
534555.116435396
226319.273792518
248122.693577954
62681.215817732
192953.293507859
62681.215817732
7434140.337988755
486335.820879367
1312091.632261746
2164083.694549943
1446704.274482117
1292134.034422157
6.000000000
493493.175712046
129.281240461
555.589776724
1292134.034422157
160761.165162549
255347.035140096
1292134.034422157
2164083.694549943
519.706648024
1312091.632261746
68364.423518377
493493.175712046
480453420.379534662
572451.486514864
471249.440749397
255347.035140096
344651.967732551
345732580.000000119
962799.540011974
241717.681631995
2087071.730132265
6086.513244130
10693395.702132205
203862.530992706
3154017.607871280
261093.550507637
5688135.065898493
66678.051006309
2164083.694549943
946449.272920078
1308178.807528890
372626.109862751
492612.955425385
8705435.761810090
10693395.702132205
129.281240461
492612.955425385
3467792.214144569
30940.845743709
7434140.337988755
192953.293507859
175904106.574512571
Case #9:
25249.607641360
9120.889150441
10461.783906751
21836.742833720
23367.204055923
30986.597558261
54994.962605679
33922.379721798
513.185948392
41562.579004423
23217.978894647
7728.839272328
23848.737431494
29663.481430237
23228.722437553
22628.033784142
29501.451089091
312287.419905736
22104.079257474
24563.964884369
29544.473101861
27433.000000000
20115.912854747
6512.355212386
16614.140300338
2194.081764619
8171.932265683
17795.628180231
8840.072132854
177.640085566
21775.947274976
20158.593902007
722.828143454
4347.457000177
13882.151370960
20521.112808507
22158.292120536
107954.648080999
14825.455644365
20694.235985507
16509.897519591
9637.485467169
401.849257877
25598.689714985
6864696.982784824
34897.697144480
23442.767434202
44032.914083846
10367.958316403
41060.599505833
20667.398223121
29898.076464882
17216.023968746
13031.527095366
38169.188138108
95942.806379173
46845.076110314
19290.793324465
33415.637349664
Case #10:
68416.193922256
286384.248578976
59791.723813905
95631.226549230
109417.595176019
84003.957599322
116976.021405503
171246.676884410
82575.226335309
96732.312329060
62210.710778410
35443.556692267
569460.486831290
41018.808221467
100513.402808011
32145.657405896
192022.821623961
731512.239109893
62320.486906829
52492.668761417
32325.481391280
64232.878159070
68182.326036859
73473.640661306
93747.409004454
24826.990148049
135222.822047255
Case #11:
37147.355920876
46235.014015606
324184.738291842
42389.486345680
45720.900120381
18244.792152370
71302.481896267
Case #12:
958.787156830
81155.000000000
11761.397465919
16878.744092575
3184.558849831
6208.276792424
414121.485173787
3968.483364038
4563.531546841
5223.091375407
16975.153501805
1608.230816404
12535.504958219
3210.985166184
7379.288999773
81155.000000000
1317.959740658
217180.380919302
62332.998180102
1608.230816404
7257.093318402
62332.998180102
5223.091375407
57538.355989722
14223.732158570
217180.380919302
6145.896882603
20939.289537930
22674.075988478
20939.289537930
Case #13:
40611.809989803
27501.933463966
40268.403879628
52899.106866131
33378.207535292
60027.837047147
37698.561834052
28524.290356107
55950.224600401
49780.655072266
35941.790427586
69130.371575309
39896.415665220
54319.639594256
29443.433427756
44719.608193338
30014.292004693
46326.129664600
30041.070716768
50374.984945537
38081.689009476
36808.297989927
34568.361585803
117310.891222771
36336.489734682
41289.032894462
37641.121862762
37139.220397317
18604.884147619
23163.660134909
39133.431466052
41609.216406425
29860.357097557
20381.363134674
33682.678757628
35886.352033246
36479.191500583
47173.581768922
46492.099235828
38606.271036425
46937.499267114
38210.432197319
37671.534232113
40074.231633231
37575.654547824
35041.061401123
26946.879442851
36888.200509197
20427.832060644
39686.954510581
2722.192896672
24998.160180625
37573.056298173
38492.791438420
38835.496291290
35378.436080244
35870.596115074
47639.800796536
42279.004483814
41318.715884539
41817.621612314
39361.784353376
11802.639985568
31168.533446197
52557.681667180
71093.014853586
48606.038865147
61509.529304915
35497.430277276
45475.219158550
47461.914445967
42991.737405189
42372.212890147
32231.515344958
38858.800125567
15045.669756959
36615.981101983
46293.182336896
43330.966287132
35738.918102947
27803.194169034
38831.226350388
37015.270714028
36143.508162714
22961.726047754
1015572.763547916
104787.998628836
36867.005720345
50175.689215101
34132.897805669
57300.029465166
36996.677347373
39360.398398649
34745.320960353
53405.107287668
34289.618270594
37524.150101883
34333.096668322
47610.745639522
38958.937890797
Case #14:
595335.227943917
360337.748526978
5895395.416053797
19010.714985848
534870.001634380
1338486.393126309
347101.682581982
21473.138825053
45271.360001189
16010.310123750
761639.875295404
2990551.187579304
1711683.443877420
29588.460723735
6493776.188253851
16010.310123750
44716.334733518
126155.886668340
2237040.668654499
12028.372444994
26797.367895709
391812.840925269
126523.473088701
Case #15:
55651.000000000
3980.544502907
7503.058588982
2640841.748151908
3980.544502907
1556225.469607795
36394.551062012
36544.874071014
135961.051500114
12516.831764134
16421.240335090
2111.037991717
455.555050237
7503.058588982
3934.677199687
4228653.137516745
632640.353279482
94766.990824324
21360.014430869
192087382.000000328
1556225.469607795
411.156904356
725789.107807654
94766.990824324
723255.467483862
38496.298988090
39350.881439645
344537.034052969
255340803.999999940
Case #16:
39260.314241954
41763.677943393
33878.895367081
34995.342366002
48902.686466587
46691.805383283
55316.136192152
33733.355618134
45736.375066633
30717.295859490
37369.671038013
25431.581438765
56759.176929707
42414.959293647
67594.672684039
57583.929651856
56691.650216275
31057.415980627
51112.797048265
49654.102723301
31940.520716010
45119.541461788
53800.725706372
27420.544348118
20915.225811535
35782.187518240
37494.525233285
36167.843923919
42941.703104036
31915.642707472
51398.874861367
56247.090130913
36109.507107932
36489.123806058
44019.110017440
41096.583350430
36716.598769832
49896.834509494
37390.868711520
45531.496458410
56895.419487810
30672.222311834
49082.446572506
44542.095507966
92431.436049634
35219.007261847
59589.261288721
20134.743618460
32190.631361381
39847.196144883
20780.772767889
37021.631459420
41308.423675842
35451.741277918
33206.170542729
19378.428494095
34865.842917110
78392.987827589
36066.040641598
49836.583955951
32874.528368390
77500.057541061
43790.534682050
32166.018148680
118577.802149355
40717.811955149
26730.905567303
36991.367798996
50894.222625233
35056.924126222
22250.686739379
63686.955285997
45382.942938621
35574.156368517
38246.751855148
32151.691395275
58090.524482373
8116.715534952
18469.038622042
60105.593709256
63713.546425797
20875.360212993
50383.271064895
36857.859802084
53090.645464496
33886.019201224
42889.726039370
34343.376632949
23982.399753745
15233.744782386
35884.847045738
47684.712029537
40618.221238293
33834.227712863
38586.402941912
34226.522018153
32370.873833505
20606.735188141
34296.300115314
31459.441917341
Case #17:
2025.578187878
10033.423264357
32090.367090453
194.512210414
8824.411602598
8079.122704733
1293.308144779
60250.405836042
2.236067977
5314.755164241
9451.769532542
9131.840308612
2459.643247612
9528.103287795
4.000000000
14445.705895111
4072.747824851
21693.656620422
10809.446134683
5184.935269787
53808.411636862
15.998363923
14778.279132340
2.289428485
10251.706846842
37818.297221300
3454.932881091
176108.816975827
9255.733382157
2481.444941964
15369.986234439
9402.815448870
8255.763476026
36337.874586952
4917.124056904
508111.685830660
9543.811393731
1213.923230454
29365.686269768
17872.928114855
37101.942992524
5254.171380278
18860.761147051
13483.634305996
2350.545544847
32240.072681782
9014.088281997
1396.276230810
3730.736912111
9289.600201573
10001.293741090
17938.431697041
6367293.740681982
21188.560066617
2028.540011240
4040.499041920
12904.314694383
8045.774378234
18290.097584115
3995.636757796
517.689252236
1429.613363668
4646.853985482
7753.478937388
65315.289151833
11299.771347841
8548.517562283
54497.756818785
4091.913722044
911.170675560
42130.000533977
20158.286169330
23114.285414429
37971.678840971
3744.885142250
1.414213562
1293.308144779
1772.044144773
621706710.000000358
2481.346032706
45945.139974529
33414.707456904
Case #18:
49814.535933882
49301.392637450
32178.774425379
45768.166890871
29280.656859416
51592.172125766
35628.386032172
44308.761811332
25.062344279
20119227.169887390
51446.743538827
11906.078776789
20460.821631300
81019.024899493
22488.716913460
751657.160710499
37944.575381472
106478.132989020
64897.177884520
52518946.800889738
93660.784178330
14795.764915339
35500.223062548
43447.233984360
40068.531681344
4834.120636111
27899.187924299
195978.386190280
44072.745314461
31766.804661570
114396.440197483
40645.170781169
26839.071723343
44720.600908537
136638.283625496
58818.867953713
14814.713238149
25821.709080052
52356.935950263
41935.108706477
108876.755820615
64348.241757616
21188.947780368
61595.685726485
54166.255494739
41677.053874564
44285.604294845
501.222476054
77449.490533970
29130.906859618
79125.137368321
32633.167307295
95008.881231443
42097.039230925
29758.759594689
34023.776112135
30524.899998262
54122.784003990
29434.816544316
73371.615685231
29397.322341528
128.611172193
55730.345162841
47616.861968891
45348.017070213
47598.977595900
33821.749287151
9416.001811350
31241.449741985
19108.080888779
452416.238785392
13057.491987386
957633.115108533
29130.906859618
40799.209743440
303458.751084707
37743.432200178
63710.172951094
46500.824888407
Case #19:
684.614007084
44912.408530383
260944.580965136
1590094.617834623
29852.350192294
130160.853783341
432927346.217469752
41771.808076740
1349127.320468667
826436.593372070
1797.752275988
1094980.717580758
78003.569627580
332165545.901897848
5249314.787637884
29208.937871241
870980.346294812
870980.346294812
1144564.381985157
24611.250984052
168683.737626368
53103.223106944
1232943.984865782
5346.171200198
25305.315356476
1535.403740018
31754.943278665
1520678.933325776
154732.862747114
48742.354952199
834833.445786439
444535.052861689
146390.640377619
898939.936832944
12458628.684506040
340086.141932602
3118762.747685110
1429066.609596909
385484573.762632251
6661.708355704
16493.677189793
14809.550891439
260944.580965136
13711.641615019
209892.673403050
180781.770729859
5249314.787637884
168750.999813125
28923.151113550
493967.958336376
12029.734604585
385484573.762632251
980217.356748981
Case #20:
11589.649561360
3987.203731111
Case #21:
46473.390466398
6.000000000
15746.213615338
4975.925635991
46550.583981029
28061.467139549
354.154490036
3065.894680632
77705.686360904
20205.368388851
57434.524766833
10611.195314357
26978.237880397
24352.800249882
14740.707664333
19686.523659145
Case #22:
5724246.675327684
181.016573827
1.000000000
Case #23:
48905.550418022
94529.782693631
49850.971573522
224629.573580528
253963.409899485
147048.074679791
234593.616657908
10.000000000
Case #24:
20087.379321959
55064.992348875
34006.839048950
129986.690685655
45412.340457070
70919.068479712
42380.750011418
41337.552396752
44652.297517482
36175.197891899
27662.504189203
44481.415761798
16557.177610485
45944.620338360
53766.195972756
25119.012040611
51550.725126221
59264.342059171
39511.835223797
38352.213266119
54545.382930483
47598.308747344
47497.652971883
14196.993995370
54698.522011296
27122.775786277
46481.074674065
39347.030188837
31353.721675011
41583.881330558
49674.538777861
43373.756502894
47079.991818413
53562.870625395
52040.947011703
47758.333037675
55482.837625616
51652.790371102
63881.300020701
23789.541430005
43044.215144115
93204.546993999
32700.201404929
135494.383474994
41151.187931036
38568.251556136
52110.942957441
47871.200771310
53410.229014867
37850.337902004
68976.049240880
59486.740280791
48506.929001347
65120.790827232
103534.712646087
61544.593465961
27106.752153567
40417.322471988
27319.325559737
58385.948613128
51161.411201620
66275.451227231
48492.394884917
54525.828418493
52584.372715434
11355.077683941
44658.900257771
17878.801854729
46026.732585198
10431.703572677
43075.684624171
45064.343863208
68422.746377919
48371.213519190
125532.320316345
44195.306801523
97057.797365130
129237.306968860
38459.381587400
33476.860108578
57463.802290707
8343.814591035
25914.366033777
49200.457030064
63231.896133771
51878.976492664
57366.365741651
47816.105495562
50292.514065861
4678.345945314
59599.874263296
53726.344907274
43355.481725022
45493.684729739
29432.584678158
74212.660438669
25698.586157107
40195.697275870
37455.326602181
10776.973251002
Case #25:
46368.644059760
8702.071188028
9650.943326282
190.897295748
3450.671545568
83326.742496584
161.484721562
11783.747055492
22426.514380946
18655.070931745
423.414690345
269.125188893
6620.180961107
129.915357060
7520.284448541
15250.047526051
6735.389001507
10897.281535589
19282.713910963
7277.467378971
39829.102341596
11409.799410834
2207.259507614
343.218100769
24938.345405896
17216.930209533
46458.007905102
753.350753226
17164.070870653
6501.556702927
2924.271278510
6056.783631802
9304.478868290
12500.630835770
1018.423782396
471168959.307225227
13228.221624076
9424.305835167
15845.233841438
11686.714349576
7031.291943338
24081.717161319
15088.390289621
41390.886767348
17693.765145233
497289.486208267
Case #26:
816.879884982
2893.480443471
17507.946915508
87579.043657715
27028.035879099
3728.038549531
4539.045196555
80929.210973810
4365.595078110
67179.441299162
2251.903915344
7710.762738894
3898.711002808
13452.474455298
13774.048725433
8228.690347521
8870.721670372
53227.414448047
5.634626495
2135.264209806
13446.920837159
19412.264247061
3585.863522631
36369.794022176
6804.670679741
9413.251473288
56190.761833828
4634.607790749
26857.547011398
4822.813668949
6380.284066253
741.379101235
2452.543383403
6712.777125759
110504.538228699
7736.032672959
13607.693538514
11734.605938211
11410.135595809
2120.058063261
27724.752377333
12249.075841134
20505.207170690
125696.075739951
12532.420970818
10645.105525248
19465.344722558
824.104064829
14526.270880881
21310.111404866
9037.748915330
20881.750318158
13239.529380637
26747.132507076
Case #27:
1694686.969382844
47606.674058493
126174.299092791
56741.193342079
858228.174769825
179476.927083008
1816.666785684
36845.858328990
301068.049380826
64275.740187158
56913.203236641
407714.394698308
73742.102465936
58781.413032886
54038.501146378
729806.812006455
7084232.526491636
187427.683858245
19763066.841817919
26277.820062886
140566.521116989
174919.807829376
360632.023235329
117937.615757521
86678.697946519
47168.675291523
63959.414870701
48499.701218726
58543.249682002
19763066.841817919
238245.394801283
35420.383622993
8323832.291365435
184437.589683954
106009.834220795
584704.048912771
171747.263825886
164458.208956612
1107.284239944
119401.433270219
5731251.041039282
163259.789996834
32779.463774013
157656.309135236
135099.973766390
10152655.242207451
135099.973766390
107902.088324781
181367.395411649
76065.082668178
86678.697946519
216218.635295598
931423.829128479
145773453.000000179
141145.644069937
573784.755581146
3316.889473810
232243.740949698
37649.617865981
32779.463774013
407284.299126885
148959.129224875
238245.394801283
124727.536250899
2.000000000
73742.102465936
2.000000000
6228.662438219
22261.741165087
9502.000000000
254255.619631294
80410.254496970
289674.302701713
29148.428939007
98320.000000000
81661.344684707
22536.576780869
187427.683858245
Case #28:
29363.926939042
30245.672571481
33660.818683046
34763.052114944
32984.683264756
31186.034066169
31061.982493668
32828.843622270
23841.361900006
31820.333425645
46612.232105410
32799.625602043
27566.211825889
31534.819965688
38690.905664901
44035.277901966
23095.633327648
30954.794028025
22846.858132060
30840.516976466
34847.921848073
23551.271981525
41251.739322541
212934.088412328
39892.433948601
25540.043970940
26904.506953147
32099.823174442
35756.592917702
25798.942133453
28504.294139758
38084.417428004
26146.214471662
23407.517541135
272658.046442122
48580.708617261
20225.127255691
33628.748988669
184858.818922009
27979.110721674
24041.361521897
29244.477807329
39182.738742255
29671.744276225
58986.421607794
92372.053491422
22668.074194287
30909.983880661
34222.050777639
34788.149659340
27171.044861253
16045.049718239
28994.846883309
164616.684248854
20452.594793567
35314.842663666
35426.438779416
30415.953428757
30707.470439197
47215.403893657
35546.639077807
35299.250262457
28891.478040306
28248.153971691
26396.899023216
38477.794167001
22177.200463996
16226.609257091
36375.225025980
30264.887084298
20703.088767682
28367.135661721
20080.837404604
78811.173778035
39398.260029554
31672.860597264
25807.897823562
24460.259651731
35253.993739511
28326.042751330
36206.973007283
33644.207549521
48744.978703834
35091.164312112
33168.342902719
27567.225896163
10976.745792764
39564.581614749
29310.066294736
36584.452003958
20952.987494153
30337.310285306
23492.795795146
22813.805790903
27284.037060756
7276.795425000
319411.396935386
31802.122241940
28767.827606138
26599.994438271
Case #29:
26342.375432319
98385.348357841
451305.575754914
102879.024788979
475439.259467241
45858.623188378
14695.135995583
36980.495578102
132986.973684008
70266.466357609
886.163641773
6528.704661817
68954.041723800
51902.638069257
68317.982280180
721860518.009542346
135878.718847721
107519.659153044
2595.974192686
1790.719305439
127265.632407946
93476.879282604
131817.511217953
42228.151784194
87759.055324256
43827.823639412
17455.568133267
77793.000000000
272193.011736870
52983.553005789
56397.969264296
59299.517496356
86314.397310111
5755.486055202
60847.533884263
170137.086520329
12762.720018123
75532.785397778
130431.870856222
37926.525463671
50469.072967093
73409.061963889
33635.019380816
22624.373722215
96557.125641201
72227.074234513
66237.266866808
115378.190779491
68161.981924490
75650.414292767
7525.066746879
48609.635022630
84854.926000414
110763.239015839
69835.716019191
75700.630786425
164430.781851357
197864.051918146
40296.064145546
Case #30:
31490.987305151
22412.290693832
24848.855166697
66861.709819597
10092.763293363
22844.327072318
795509.780346041
97764.419800372
40950.406806966
35133.963913846
31775.877673135
47309.492972435
36627.682599581
315.643012714
309.528080826
29123.085994055
4464249.735182310
105525.449570390
16620.008792776
16329.095408834
14821.442294095
3483.928248984
25528.418578192
47484.835868925
141710.736478982
15571.620439427
28613.411511027
32616.549746530
44937.966289525
5897.398984357
12234.577899453
1333.311735900
5.000000000
17362.459990472
90524.405521479
19632.350510654
658649.231784094
24567.036713593
Case #31:
96665.174221443
35180.498522725
50512.600811238
31187.933946790
36054.001297429
38245.268739532
45242.788241971
52097.915976037
44685.125456983
35263.236661533
45761.730849256
28069.891233506
27457.823520850
45319.341122337
20219.489556403
14422.939466425
19130.987963253
34199.270716480
31479.262540514
26429.055939773
40417.192085419
32417.595259757
56511.654884426
42992.652598942
29978.450877859
42902.381367126
6173.068016445
47284.334857756
14577.847222085
30829.703125285
30966.982831349
33514.586086111
24867.234738826
44558.154053044
35046.040281187
223267.657553420
71058.627121396
19153.382964991
37834.404440227
37323.122653639
14933.527443593
51134.468750562
30471.763773225
30200.370768556
281909.483672030
114887.027328498
85663.485124862
29993.641876677
41124.158988336
51666.921459591
10686.608222022
17641.766298889
36577.413862752
6832.838361817
6325.203181714
51018.778920146
39782.339909822
28991.521033556
23046.499744226
62682.285503494
24254.266485758
29174.957469124
52728.475598936
39502.535247193
46244.146239945
52020.066275966
31600.498305522
44916.383185227
15496.312072468
24335.063230569
31945.005295350
29132.274955796
22446.490814127
33725.517273006
34257.119020719
58960.340064766
30986.860336899
15086.061290444
38862.271984518
99948.180756930
43146.444052450
20148.279490081
66447.603882978
39478.139108859
19546.307172625
2294.167477021
57357.368938774
23633.340893046
39233.387896446
90901.140292902
25898.573094457
40762.741248205
20961.981072710
34903.082182797
35854.462723335
29940.507788421
14828.319107055
46163.557369552
34956.920024571
87242.403909046
Case #32:
55639.297855059
95880.889856134
51338.825644359
4799.161660110
57868.449528339
38650.683144888
37447.866620772
33510.265857980
68600.218691407
11522.374899636
247049.704085007
22748.111825209
336846.941710846
42581.905665326
51822.038214210
47213.008818356
64923.535125294
39316.127395999
41726.636746999
21149.807188198
485029.769256459
27983.690971316
38897.003950239
157627.160772413
31589.066351330
20781.107803406
23209.708912450
51253.056756445
10639.477051602
61233.534202641
54296.707186113
42100.669143630
32945.028670392
39484.442205066
51695.221521339
68646.526466465
712186.516480763
581137.335988208
31104.375145070
17065.115030082
33594.793163143
19272.674473338
35249.993115474
57868.449528339
51575.682123081
70610.856386891
19122.850056696
988982.010744383
32082.874990183
50321.183083694
58728.087310091
20585.584832508
40207.266331228
46135.828573722
36503.752095701
11738.204642419
87830.435492958
28151.352907103
80484.998620548
7578.414061912
18867.510805894
2125.214215087
36325.558870424
19498.955364234
58076.300805262
561684.864365978
37676.448385388
16802.122927330
175019.409755723
26482.711309313
46109.356417405
9322.369021328
39036.641859654
42416.605040954
6011.314410438
21643.642053267
Case #33:
6157.199106836
7.691605673
8986.690002817
1194.414815588
64985.838901038
3720.046914849
48929.686726437
10478.057185773
2319.806719429
6416.753892591
7599.542137788
7359.493328561
9608.912020790
4937.478990850
281999.885454899
886.433844305
36449.390184434
11853.407983158
10505.721410758
29445.407998155
89008215.886626616
7396.278656916
2367.767565418
10067.164670126
8574.549669022
7.047298732
37884.251214423
6418.805172370
8903.650333187
10070.255408329
13185.412612428
6058.826529011
10422.108692796
20659.571163893
11081.703569288
4766.045059235
31756.090260137
9455.293464300
12552.709024659
15247.175509192
18589.612403276
17254.366124676
10235.094732768
11748.644682645
5495.002452515
32339.774747799
7747.489115421
6146.216274210
67.538174736
51005.571212658
7425.482731417
38295.324024018
Case #34:
400883541.309837759
496504069.054642141
443704758.485925615
Case #35:
538135.433869468
392355.953541202
30399.446778479
38313.757252761
917397.663934841
44827.426873675
106826.637956993
20821.573131107
181896.308503841
15543.812941387
44448.438815613
41402.840759583
18753.710314203
2321571.243236789
4370.793857868
17504.882846158
13213.249484822
60066.700135511
10551.818620531
3701.259963785
16061.790709699
4.000000000
20167.963953279
24993.203845575
56924.438472912
123641.431221420
43458.162756235
38221.408179709
17173.149149409
5316.429861258
29444.450041606
20449.215872926
336974.340862038
3453.988244953
43553.292476846
23435.040839487
20555.788419168
14574.170203834
35900.734112010
232698.418762645
12806.861896387
33329.032468967
2696062.086308328
40912.675502133
202924.847589034
15711.153213970
45307.990936765
9980.996569884
22988.968384693
248487.818362126
37998.252075239
9992.445562380
1.000000000
54846.440854328
30976.555670938
212.054672906
25937.219932803
39530.270033968
62518.551122325
59316.581644714
5920.981972770
106618.767108470
Case #36:
5820.240123261
56463.000000000
10242.493048184
3340.712991870
35740.746032305
27898.626929274
7224.749582201
18945.628931680
7115.364336708
17037.687309621
84445.744804271
21692.052934916
7287.187938459
34700.291362373
322257.976129178
4536.424544755
27750.339372124
156767.545924708
1815.544636861
1317.960921133
63974.055248984
9885.563790774
44318.814576341
14467.875270121
7027.899561614
271.415656623
44196.099272609
366322.671929904
618.627913910
33564.678213180
4610.202753018
12185.018241956
12247.539055572
5963.985516233
26636.341359130
27361.788199920
5635.551105949
86557.064089503
582.046389904
32049.793130723
34425.238252135
18405.357589572
26851.940351568
4514.841226395
67992.402387948
14878.883398862
364337.906226099
9987.193087883
4382.047798861
11010.122245966
Case #37:
413840.180249365
14902.782013139
23517.925077789
25946.704360730
35875.850595390
67497.959597214
12941.416194508
36361.234125896
307910.239923344
49961.060823263
29319.500124080
31647.018411798
79811.416388615
68925.458234279
9055.540730088
37714.194420297
188845.828793440
54492.919729386
48382.046328183
22677.482609065
26524.669936076
68049.950413847
41673.553712604
23285.714886325
61231.966994858
30386.426664501
40559.719541155
65401.156994311
26963.990568797
34963.034473659
25874.667083945
76423.267522066
35669.196409042
22077.033130621
39797.911682330
15584.983650558
32967.886041555
33854.069474090
40701.808313953
27038.123257570
23023.831765666
46677.413582855
50278.919644831
81931.403446988
92360.726476429
33199.642801576
36769.794126471
39159.265215459
43072.806818228
31580.883842080
40133.608426759
21624.280558261
45270.263788405
56193.075001821
163648.861356749
35272.182038956
34509.704124250
44950.350048515
27054.503397395
94535.031221570
82879.214053051
19637.529235873
69952.289511003
56738.552169210
20126.913321138
25000.041446674
47440.829273656
53346.359139236
54710.659076992
635.752642646
26118.206325494
20019.710202970
27559.756153350
29128.378470666
14528.529180238
29519.329353440
30026.865713497
46967.850627827
25264.312854353
476571.143622752
28836.905284184
34560.268481365
254198.191948936
60522.437557134
40325.319622470
42210.927219424
29703.942520236
45672.532861633
28666.520203668
76490.518172045
42217.244130649
18933.894131074
27061.419254746
81308.799225280
45336.965016213
83339.641158711
1877126.236958463
51492.259866332
43925.770232015
28169.862532096
Case #38:
69889.000000000
536.007462635
542.552301626
269972.862065641
93715.000000000
948.179241441
13639.201453101
12437.972164803
5350.340515256
4116.293035863
80929.893333675
6860.370286961
1116147.832203886
11615.375972873
53743.890626623
115.327509999
119.903255358
2712.429166951
45193.044969715
647.560035827
2423.533855918
11109.823997072
1979.668790108
115.327509999
3758.646277702
6586.275637800
45193.044969715
4.242640687
2760.574687192
14220.434449045
970.575397312
39080.417635561
1441.899218553
3461.376057991
12437.972164803
5778.687379893
366.217414720
1553.064337594
7580.319886635
10306.345120718
493089.417516152
39683.516376250
9634232.536274683
505.619422095
864.599957441
22352.532473973
366.217414720
13639.201453101
353754.821256061
6860.370286961
353754.821256061
407.787501703
6586.275637800
3710.774577488
11568.481254784
115.327509999
647.560035827
415.798521165
11615.375972873
864.599957441
16982.755950564
505.619422095
9634232.536274683
889.442131849
715.053844126
4.242640687
3461.376057991
6.000000000
80929.893333675
47884.000000000
493089.417516152
7156.809828670
6586.275637800
889.442131849
4875.165408136
7580.319886635
970.575397312
2423.533855918
889.442131849
1441.899218553
505.619422095
1441.899218553
4.242640687
6.000000000
Case #39:
10279.610894850
61180.603561642
21396.651143598
2881615.459662900
40340.011333633
86303.967145908
123579.255826281
1149.548937480
Case #40:
37682.403569309
85645.067706614
30770.278564808
29200.039151985
34623.664729896
51587.811184943
26647.393906343
37477.553722513
30264.025475304
19359.582083046
39703.378072892
31005.133023158
18197.601998213
25786.276405125
41051.837827513
34734.690144347
32288.539057750
29835.224801090
38566.133184910
57797.774609483
21947.038758611
149196.915937370
33456.586423226
36235.713766508
34321.717817470
31774.781164336
216309.292970460
44150.269874754
111297.718710230
28860.378917969
45559.003778655
32290.452473191
35280.838930381
31735.970527536
49480.261176842
45807.109519630
43129.463659960
38314.005807409
29045.013441749
30672.614510535
30999.458412099
152979.383070769
39594.607230958
66484.967614032
27307.033946725
28271.758078750
35834.546375962
31546.953971895
30875.507919627
26491.401642164
32303.750170947
21806.329622895
35466.430709816
39379.062608028
38421.931607155
33131.966325540
43704.913235482
18863.083424218
18510.081174805
28551.058144425
38869.486452400
45787.736522901
77987.034776350
25218.694126130
12489.368958126
34724.674213045
25928.677385600
70690.068623696
23664.144439925
32541.341961171
52587.154703841
29536.606823952
40071.129347006
34624.060455892
21374.504882635
10440.518503657
34719.338094812
20648.550670924
34380.422963036
31677.747445959
41958.622384178
42998.957058210
15800.411800788
25637.330473225
31099.490855186
48698.727669859
194224.166559144
25795.145975298
28601.176094841
24277.573662702
28822.430958376
31501.712042192
6217.752412306
34363.473999740
34784.121558599
27583.575798591
28720.564403621
29948.954001464
52396.721976434
30725.476990435
Case #41:
38938.864101835
191308.921058805
34809.857128074
32413.354922120
7180.465197715
40248.093960405
34156.466693989
38276.337182452
52352.305055873
37684.054284627
26816.597837945
35933.022611366
38313.132976014
37079.928579174
38441.044862804
34178.502434352
37148.532623009
40560.301704129
32497.869407417
40093.481710779
11601.107217711
52534.115698978
25759.521616251
41255.689549752
31598.626281080
38447.616605404
24811.964665961
29994.771298951
32396.825436908
45461.210910892
36171.512252909
34137.142990002
36999.212040366
47250.694467837
54394.512972714
37580.711234956
17740.708466664
46774.873467729
41117.796190207
47368.074932588
48876.204052411
64763.853243331
98633.107043651
32983.503902860
35086.320821317
34769.007179156
41476.761127059
45147.545074808
39200.546554825
33051.262946116
39282.061323339
81499.445036284
28435.417771229
59648.208233679
41100.899538148
41962.610876774
33252.577265488
41456.864686394
31065.950812368
36209.518538567
34927.805862720
31013.545258655
55911.081832299
40151.903934624
20038.792614815
37773.442724073
36790.598304360
36456.842061191
37857.752069734
41844.138945809
35586.189548794
29908.426061275
33490.085128620
31144.234933678
35951.373528159
64339.787749260
29142.539285391
37105.339107959
32992.913659194
32792.248115580
28446.545731488
37747.799966606
58038.757371095
37023.084116971
29687.672968563
43262.011973863
32735.106195456
123212.633919261
27926.706546072
40866.627656409
245044.430747725
33783.272263783
36037.524497651
30945.051337794
28306.027067544
20710.191052153
40092.108786373
44287.730602241
94959.758910678
34323.078547177
Case #42:
32031.992974628
Case #43:
71050.865898023
110473.235356366
130010.480284761
117019.476483902
35480.454974227
67298.515427584
5032812.126958802
40398.253356581
92334590.874274850
17555.643589284
367109.882056579
21951.992900005
146351.715741457
40082.510364359
10193.889096578
1300.816862830
31314.287220255
62151.043120157
87773.441521610
148.553502467
56985.614531394
130349.381915790
25088.500403104
247533.562984918
2646189.187830701
143298.979241198
477111.987108197
159286.522744011
111770.776821130
67348.100433207
3130.017399565
255660.721353433
104915.691122027
60286.928637703
33930.529401681
8216.178165196
141535.313863799
16588.302773433
2269.849232139
269566.951561351
21367.446462539
27438.747647483
3970.680276673
22407.637460203
45869.907285728
31243.826371402
461570.586118110
97193.919319677
219541.715153975
37110.480189543
71231.245837146
3782.827561146
193265.235557181
176646.469859653
291737.472257560
155245.651474298
70427.930800590
508471.151097881
52496.072083628
2346.477339963
116688.852175324
333724.531507354
185703.137803156
49044.631983727
109796.386278130
254238.459131537
56340.821619731
18510.185553480
881253.118404001
441527.534496489
Case #44:
1.414213562
2.449489743
Case #45:
204177.156084474
82028.814922937
73139.191827801
93508.619647343
100644.081310840
53181.315047076
26107976.160988376
152551.625123441
37649.712015401
9851.613018360
57668.113251810
57887.316873171
46806.987042612
214.482543109
107254.319640198
176158.521455895
35772.712165466
210194.312965947
86451.672949929
115027.101631385
281149.337668020
68330.806631350
203357.390448375
94055.018229058
44938.180715297
38214.887324092
119326.711947672
223559.416164390
79541.646718923
87980.709860012
96171.774337948
75870.956524241
60439.753442466
152650.773388387
111271.800221432
88799.593968057
102776.900264092
142707.637210130
157603.409403964
173034.575909595
84554.184437217
118908.473567400
78295.051488820
51784.969387279
181663.356874645
42069.172919711
40235.619419299
163496.783942382
303593.574729434
81052.001200993
212087.869780026
88927.958281164
925286915.000000596
68456.451697282
7922.504884216
33810.261726786
61110.940616091
104035.322292061
36810.417059334
78199.422913260
89790.787755391
67297.055203840
95834.934901942
45542.272503239
101524.471254900
199427.903338159
111877.237568925
206324.696132369
104141.971953647
87556.732594400
44546.530412263
111984.537915265
188731.982430182
122537.781383720
47298.479718747
98209.411887940
86261.428519566
65440.497070752
77559.702070716
194967.655755023
45937.061497611
109366.085518515
50695.779613838
134390.182481338
49329.630928536
40930.431087476
196400.200769860
89390.983749398
87825.355724161
53825.684397829
72094.985686926
844.281557096
70278.165113012
86567.196507671
41884.207081045
132310.906386478
47649.190258216
87795.547258728
86883.222894771
68668.012889383
Case #46:
32589.733307344
71023.310418801
37776.452980310
69147.898160729
2280.709789135
33980.170646020
28646.534435550
17006.309174078
186075.945057546
113496.436848987
143372.417515559
84379.045399461
31633.071245321
48196.454527169
26965.102312494
427892.397062097
61385.234188411
30728.657566047
284327.270206111
26026.152919674
31238.178080199
32357.815653732
7379.795984091
24321.290070918
29081.471666756
54172.809789006
34254.828490606
56870.374206003
40098.412426460
50008.745171859
41260.467987745
46423.311296937
46738.606714548
77254.218148699
24458.426943278
59928.048466965
44666.642979680
96282.700779635
36106.894044293
47685.357749059
30915.737411622
6851965.627989678
72523.267105315
34988.673292721
59102.832889750
74314.769973401
12499.312667568
50382.345450298
63303.926273628
50704.963698675
36232.173614600
95823.933485682
75940.211470701
41377.303866069
41424.030916468
80362.700156404
40502.851892858
14162.204815760
78425.061443527
31243.425904005
22792.749364385
23772.821801941
10293.786945186
30496.066219207
63053.057700754
43056.560649987
28012.441254668
23568.077006941
79803.718287884
45382.786863314
76746.790073057
55434.148329708
39824.859419449
42235.576001760
31519.674996120
20579.123723200
96000.910852793
106250.190733420
14073.138974930
12557.257852406
43103.171803417
76334.780890091
23057.902889473
59225.140898880
39663.128107450
34972.030435919
59324.910185039
123761.672944765
39784.034987023
43063.421432009
39401.501909922
27009.090249182
36871.629643838
58697.288655986
36446.640331025
33905.029118286
40178.575142345
77240.370985574
33781.927899186
61097.486815836
Case #47:
29182.694103549
27617.018075146
10898.160498233
170099.904970512
8815.725493338
76444.915801096
57807.484051175
48636.784873188
775409.619920923
23827.512129823
67639.623647559
14510.329087349
29479.924105255
68899.721888581
31899.381577791
573840.338035007
23848.007640152
76787.302390141
83773.895985031
105145.100815774
68250.867045288
239001.249376954
64456.923244847
48911.801210021
67144.717746383
920.863724989
44337.555563407
63982.832122420
49215.647183134
135049.188855604
88435.685682806
105973.361729465
33635.153355328
88203.777906785
71137.585575990
97858.060139328
40159.689094715
78162.717907195
74386.128045032
72438.285837259
82576.201745151
35419.199098487
88540.811602652
52874.070842185
2946529.561780455
30082.874061670
9701338.995877201
53139.997330485
43928.957931143
38429.167194862
38441.803436237
72036.903089226
26635.012715488
25951.915284098
57807.484051175
87541.585349614
2916059.348250905
65400.324357820
1615641.977253185
55737.852611454
166830.601490776
251416.035968356
17506.402021890
451576.325895793
43285.247766505
20756.760229378
52100.271606272
42271.812896464
24482.425725519
44253.758188738
207573.340095310
41793.269566727
46780.068600285
88546.748147937
5883.988790056
47102.574398026
78941.725289882
533010010.874710202
475.291029731
46598.061293642
112003.131431012
283475.128008489
Case #48:
999999500.499945879
999999500.497437716
999999500.045028329
999999499.756206989
999999499.363394260
999999499.613004327
999999499.470771432
999999499.912330985
999999499.874942183
999999499.854638457
999999499.465605855
999999499.489330888
999999499.184159994
999999499.343410254
999999499.134837747
999999499.578621149
999999499.236729503
999999499.408900976
999999499.881820202
999999499.704333901
999999500.212194085
999999500.662869692
999999501.011191845
999999501.146312118
999999501.625974417
999999501.481997252
999999501.460936785
999999500.983509064
999999500.918675661
999999500.562260509
999999500.474178076
999999500.375593901
999999500.569163442
999999500.230558038
999999500.215267181
999999500.707719207
999999500.220901728
999999500.480732918
999999500.800366759
999999500.288190126
999999500.274945617
999999500.740301132
999999500.827715635
999999500.856794477
999999501.150575399
999999501.526647687
999999501.640412688
999999502.138460159
999999502.363393068
999999502.450001121
999999502.693631887
999999502.384567261
999999502.411340475
999999502.522654057
999999502.043290138
999999502.058154702
999999501.717115641
999999502.178108454
999999502.678298354
999999502.880930781
999999502.392507553
999999502.023380756
999999502.507412910
999999502.003151655
999999502.209354639
999999502.085514188
999999502.283680916
999999502.163940310
999999502.356181026
999999502.590716839
999999502.060169101
999999501.792198658
999999501.360942125
999999501.580318570
999999501.264528632
999999501.308060050
999999501.410129428
999999501.154881239
999999501.133358955
999999500.715478301
999999500.711911440
999999500.552728534
999999500.525010347
999999500.207159877
999999500.045806289
999999500.230558038
999999500.351161957
999999500.848800898
999999500.968161345
999999501.352316141
999999501.118643641
999999501.391602039
999999501.427274823
999999501.887503743
999999501.660002351
999999502.107143044
999999502.529830456
999999502.496083260
999999502.202846050
999999501.850125670
Case #49:
132988.928185078
38157.981389561
112551.481292061
16974.037936606
640824.045627099
2204789.294797435
128314.058765013
66880.123581392
15792.603325230
66487.870587193
445011.529632574
168696.454666625
116418.100749575
18965.301819395
3779.376199832
129357.740243396
66164.624093944
77705.640154202
35232.436068527
35667.666400045
34028.904965943
16791.119043029
16126.392388228
432518.010357991
16061.145787321
14383.760800732
47202.537467404
58313.153315520
78368.006149257
85741.118380352
67318.089883001
38756.651187596
67436.320280703
52528.231946229
63168.906532089
43090.077278653
38447.556835094
101030.870096502
161986.929927370
120978.039294069
37773.678223824
123501.631078000
70958.214204887
151108.857361284
147933.682529424
56418.282324906
72028.937360546
78557.038433197
170559.121963450
65438.896484672
65757.287715912
152738.795755702
74992.830920301
2297.278421909
124169.803834955
67654.288138291
12069.840532492
52776.394224910
63811.540263948
98045.696030156
Case #50:
128875.339227428
22494.975049369
45021.474363009
26985.865671590
31405.737519050
23507.359411601
27017.848847360
30869.204069344
21368.319982487
31011.304147497
19766.227839258
10263.271906232
20396.596722603
29529.415149038
13967.004512202
57477.641107786
12518.765220579
19915.193418450
21402.275939188
26611.560841610
24131.348622418
28947.526484695
22048.953216141
13915.694623996
35466.594469211
24625.730294206
38504.973687666
30687.654886992
20631.291347501
18149.700829752
27765.462550326
20166.842459799
12276.721902085
42084.613514395
30785.148890014
19453.837841513
32201.750890547
20723.582696548
17371.135235560
242524.825272475
34805.298519483
27705.777336238
10279.110171551
23893.384569309
27306.177578416
21112.524913944
43095.171135145
65281.937561757
21576.637976919
31188.895788106
26290.404681310
44871.752972608
30708.518775037
15690.236045107
67183.700038472
31650.338963310
10931.780205902
18731.972810526
17369.170048470
23122.482839395
43827.943149138
27458.466923589
20481.647345411
13890.592717374
22610.275397061
19574.572868182
35041.503301994
38780.959381440
18090.638644374
109441.847895651
27348.169078718
20611.847898450
17934.392208581
47924.264952496
24653.659410215
19888.810056969
23641.581414155
67795.956133122
11370.811045615
30586.856885662
23656.914825284
23085.452200572
22363.316106925
30888.852719085
18205.078518090
35348.195029601
19011.159064865
41911.719053144
25474.491512281
37324.459300710
22333.733888935
18275.048928675
28590.734033891
19502.660076696
21778.100044131
20058.420213671
72864.274170521
24748.016230335
34390.351418386
27991.168730726
Case #51:
55157.376495940
116161.492376147
55753.561419568
58599.234783126
115766.435826135
47775.229375946
49267.674390743
61065.739678444
64137.548690176
37616.705951753
45368.658879639
37392.964093082
57475.202591096
37027.196995557
61216.299619803
27505.617177424
49140.895765437
75775.169785624
56692.330201333
89523.459835884
100228.698367603
68761.771588685
30217.706474154
49953.621890282
71907.542493858
20378.161368567
50038.054875146
61348.989036866
40017.124977439
46234.487526411
44986.220782017
52130.284561887
46064.062951561
54830.699881025
51000.328306341
61755.792093224
108481.957721859
43211.273530613
29502443.638763942
61340.822570922
88218.004764147
695258235.816630006
6141.790481006
103749.472149721
44564.810354778
50926.591160558
55467.641251202
56723.083810369
49254.246945959
43107.957890510
56548.289421005
61753.295892708
49248.378784280
57192.763664803
52994.759296713
51630.862746273
52871.063920198
57617.612107183
58549.128071983
43352.458341406
43049.720453119
63067.912055184
68287.563764135
50258.402312048
49758.083821206
46305.731336569
48825.733037173
18024.108642698
98670.678253289
58331.374181797
24258.413059999
59838.783024242
20482.597201093
46094.691688405
59074.446939472
87061.598568666
72896.374716243
82209.943904055
51737.311081343
51956.998169318
71634.574829107
134339.807875502
37658.552572775
48036.003825837
49818.635266211
61973.449494090
65625.219654043
51520.573892090
61197.757433852
131921.698490482
48327.510460660
74432.011481575
67473.349919528
50992.906270265
58285.245798752
61743.053250573
46362.557594695
73507.276318516
35061.720998518
52359.922736823
Case #52:
33476.159158074
9385.642210772
4332.908314329
19853.465152886
8670.428637405
123739.243159880
20610.368534199
14229.842866834
18389.004687055
34410.023095019
46210.569655866
9907.470220098
14826.683793304
27513.387436367
381491.782680486
6252575.125313016
102207.722656700
5859.231249807
53093.768958001
4131.053059259
97483.655057754
233972.914720717
18828.031978486
202288.425462400
31515.929500779
211680.755740653
26213.288136255
5183.142992752
1293941.352776446
94629.689460055
19437.667118313
2122.088729152
29296.608919823
3256.001884251
39442.192939051
50155.968057988
9726.522165927
3764.448825770
17491.424843217
16393.040979014
141638.631079154
18971.146279262
28964.069659658
3846.082049010
66763.065178817
358890.910599243
138556.027928024
386477.636006778
23392.947457396
92093.322315572
10168.527915335
3208.634250648
81931.565471523
Case #53:
63739.134581920
19455.811124740
5.000000000
86519.493121493
11756.597208310
1489.446271878
196197.571180868
41314.717381475
62232.315888921
8405.326313418
7943.781077485
29178.122377647
15138.713851275
3462484.087899031
17682.647584347
72549.620517145
7276.310971929
32052.513965116
2664263.126213324
72549.620517145
51218.227121722
27323.292820866
6423.187786688
6613054.579214667
17687.003083507
8553.072771789
19544.163470423
53443.336557364
73698.938501079
12653.510992799
17324.854531167
108444.930008004
14253.848218667
2681.023716103
41980.458302103
173255.121596217
59142.000000000
324569.314781977
86322.662275981
66976.210804822
Case #54:
4815.582870666
83311.004125748
141131.069607431
225270.250855257
144415.383955542
133283.154036343
385379.755404029
85036.586412610
95842.242457656
240764.797641079
76659.454877854
215761.370444713
92232.073757953
85046.939808032
38549.219552592
582159.157680603
1883638.133467359
150463.455318173
83834.809212321
70315.068440880
84788.547459287
190713.392918180
98980.911213867
28749.947156758
45519.150488676
452229.449022073
107942.191251405
93506.646337982
58947.065755932
160992.733825527
2344005.792765173
112159.354384649
861967.736747203
54305.329516921
836251721.999999285
108432.762480234
99281.263469314
34894.970533544
70152.293208748
868.484058149
387686.160886536
109537.548893212
88603.289063338
96099.540002845
10807.418272790
111632.489236778
96605.174712510
14188.617019455
1519251.790523432
66893.738191573
2887.607221442
96789.412141568
34830.989004215
39488.642879626
103923.747736205
100690.002833424
416196.549917127
89447.275441235
628304.995528098
97733.738168701
8099.084489051
5845729.092945152
30995.403594727
96821.167371866
103288.095648034
580278.370650687
140385.290347468
2449.878010308
6.928203230
137059.748099864
24779.968735024
202677.060884914
44868.207971098
271522.079430920
72826.010726707
83690.116024155
253443.008409336
82773.732740343
106429.876908711
91232.577546762
999010.826977823
72196.245679127
66.507112888
137215.721114292
188327.213129208
278342.539127105
384384.811711795
80545.041145706
515666.116089638
35617422.522689059
36045.185937750
409769.921831747
94454.891031608
Case #55:
158759.379417230
68177.573462581
90968.598012304
82827.107906297
90452.426286149
107098.563289866
92626.947071752
145961.821509565
153229.451095244
57085.948808920
97542.173255269
93302.804420340
Case #56:
14778.273694121
10122.138061258
6472.546690848
1090.113256267
333343.951528646
5460.597645347
7546.271352448
3366.693631628
3486.707898817
1296.222475144
38965.122517299
13413.233215299
4123.366120036
Case #57:
48722423.986595832
795015767.992844820
91545.000000000
61526168.010978632
95640798.787836671
97847119.917191982
22629932.916658793
61333.881325867
6572345.039762358
15313778.263162866
6508812.759047305
825406142.473046541
6385964.230482853
6572345.039762358
673113.401906568
6508812.759047305
31168961.208190955
97847119.917191982
5370388.192487025
869838908.999999285
6508812.759047305
22629932.916658793
879721523.183621526
6508812.759047305
42696579.544729330
27089609.116271678
75669958.864176050
23307095.886585090
56347176.320854008
27089609.116271678
889716418.000001311
825406142.473046541
95640798.787836671
10567009.615986886
3767741.614786064
6158574.473135746
22629932.916658793
5370388.192487025
27089609.116271678
5900163.920357303
889716418.000001311
22629932.916658793
95640798.787836671
6668554.151528504
31168961.208190955
56347176.320854008
55073703.958973505
889716418.000001311
58303.000000000
33277252.516497504
138700469.025867432
6508812.759047305
825406142.473046541
75669958.864176050
19990439.604344260
10567009.615986886
23307095.886585090
33277252.516497504
879721523.183621526
33277252.516497504
6.000000000
10567009.615986886
3767741.614786064
Case #58:
8467.443088777
7062.867236290
23149.245444815
5424.280485709
8125.839154485
5004.150559298
10594.822666465
7011.464214712
3991.609487833
7906.010194146
6113.395029167
240.635010321
3386.640837883
4220.487265698
8823.772392371
122746.924522696
3296163.216497842
12912.988738241
5625.617718337
12223.815755240
11371.880263610
3361.794473550
2361.147639886
9782.536322948
9552.800124605
13171.352353195
2749.379918438
406050.066112990
23011.485314952
2962.965346936
14550.084336874
6474.308004291
2525.317757743
996.256307562
12745.812734183
1439.614437230
1329.215648002
21341.119044627
25191.315741909
4631.484915414
2382.297524176
7639.126186411
1240.648371332
12281.213948093
6.000000000
736.935936998
13281.302819109
345768.602226355
3844.695425688
7632.936254527
2109.875488468
174648.424915867
359.457078414
Case #59:
53290.936954440
80249.340365603
7918.414152075
13402.133440215
283468583.956980109
6236.618139705
91200.372529732
53053.201031121
26435.341092405
3155.173383055
37097.708200455
52894.908612018
90471.894205579
1252.229992919
9824.057411416
172399.447047842
12714.584888109
123902.344558016
79029.202168078
3556.120566414
1458312.886808123
13858.186693822
33437.035412321
54269.901701761
70928.278042337
3.464101615
4210.296431959
71910.540840686
137.948783767
88587581.752283514
15769.391286255
173561504.257560700
29192.819992356
7630.638598053
20415.728617906
69835.206452246
160906.180878293
417387.725701508
27952.527567624
94073.408412176
520.589742338
5900.438666242
270684.856813301
5111.473361621
15679.568868412
47686.214791891
71910.540840686
618.495876912
35331.000000000
38035.912163170
4647.804600534
78115.806036521
Case #60:
18570.219290215
162043.168497397
134662.735001893
108758.961916523
364162.568638689
3588.261914560
133133.455045866
24924.435840957
139882.207270833
95541.195193114
111696.421537875
169378.801181987
179927.877283058
35406.203661413
46567.884462395
336419.871491559
183968.038785754
806.568539092
155988.638450389
15746.635206706
162864.358039892
113222.257083541
96868.236496942
59223.067579440
82067.316094043
148981.352114333
8426533.952444924
156075.081932027
178644.992365782
45487.023766417
283209.453329146
100623.536036460
52114.566414066
125943.432525655
33941.282574763
183962.060885713
212053.412108839
87198.357088544
225568.601543055
70445.998704564
181026.807593950
103861.631577680
4120710.060945148
114072.267317330
76920.662389203
379730.477452038
55500.863475550
159520.655650715
96045.713080935
Case #61:
1710446.559057377
25187.508753877
257881.441553292
7453.119907216
157008.622734661
45824.614921791
101635.065461677
2044971.413078052
40550.972713970
1312906.633140580
65850.943680944
15685.572916613
61644.335237368
65142.594759266
529989.211460509
147287.595713199
16975.894745362
75018.929670547
45308.193890984
58250.079281072
32166.354416057
39518.416693895
28207815.960926183
47837.927692270
13211.739800537
58913.661668624
44794.235725623
5013.716552104
7718.061407803
39335.673046435
6952.484119525
17029.623025994
46741.369725743
31729.998315488
49791.448713471
802.945002291
112197.848915344
63692.009736709
45433.232673842
33297.837665471
141749.640063316
18751.434732919
149997.960293490
40584.945311813
106714.771371709
63495.843317697
7051.110724445
71525.902329156
45714.227827723
228215.325763722
28179.649086262
64870.857359654
Case #62:
2191.207114980
15352.194401627
10269.674375921
1918.207285436
6174.074820790
35980.474454904
1724037.855107782
45472.677348454
6740.314886880
20059.612185166
40.993989830
27067.976990805
6375.324610468
6839.850123267
30632.935738359
21561.412513947
43.068935757
19511.534986503
2212.483368598
11166.216578342
14323.385071668
19511.534986503
23060.220850640
14124.178371393
25555.956945343
7348.853155086
2.000000000
8456.396911619
20037.511454310
22.126026030
19735.404678859
29384.652185052
1894.884179919
19178.735778503
16225.858426200
6281.514810706
28620.235257325
31115.308814672
9384.166040282
23423.997883399
11166.216578342
1597537.795290433
1.000000000
14367.782220647
561.990730277
12533.236447511
6801.501969479
53871.011601258
13868.328202440
37158.273522738
41716211.702254765
14277.300073192
3374.459187594
9278.602422112
19409.821584684
9557.609892286
1183.962836449
1708.928411723
11492.395074187
14385.376558084
31519.097284012
28393.274125484
6724.410672034
25462.200325983
10.000000000
27122.615576803
2185.638625541
30012.528924429
39065.596657933
398.714993518
89.381206078
1891741.919641499
18841.013835841
2460.167656725
32567.341947572
612.734852934
20118.249671392
11805.403952523
35150.272312957
8992.722213070
13.681343102
6801.501969479
33933.951135737
2663.000000000
13318.199107404
7025.958527849
14997.152129786
Case #63:
3261.754785588
59671.287940148
1077284.070254453
190586.423812652
527.189866649
3.476026645
52941.276685927
13959.483180674
41720.182520296
31472.733977206
605.285685268
9580.115630915
24997.972628236
4749.579372726
14307.522328458
742011.508667139
2878.164647918
25637.139827785
451.831420589
8209.969504285
57800.759872861
54788.192841985
79955.991104469
4667.550413278
42563.595935691
61400.185220314
61400.185220314
60337.255185786
25041.970752648
16186.064306561
63500.289086509
34748.453469751
34722.552043868
1535.140083858
17694.559831329
188659.982258359
5596.554112464
65331.204691847
28040.021032583
14300.196676636
56458.051941155
18312844.288698971
50769.346887947
14453.656618156
3102.542326809
21384.227091277
14534.183987021
111785002.000000134
Case #64:
25967.042411274
26445.353286284
33006.435990137
48021.091753942
219.106714610
116414.091860206
10196.805321995
166678.278410679
48904.228585795
33188.998532349
3157916.914878200
130413.900422659
19889.122095367
16199.613655688
67427.294107361
12519.265661891
511.406198450
8953.365763753
79196.130268292
3.000000000
10196.805321995
5700980.959489330
5909.913779587
5575479.042690418
26403.578726929
6404.344244844
28246.834541387
8305.568362561
12615.586653676
80560.104801112
3194.266615262
4348.586693537
4759.064738882
276684.535577580
170966.441296698
23363.482230429
6904.156662793
52187.019890549
2297.381915742
24200.329619178
6570.545610136
24159.499226686
46201.151800456
347.414291362
23633.153369671
28069.869994415
186808.101300556
10797.554834475
8979.352872006
7803.436848283
375903139.801502347
18787.020589869
47166.404238185
17644.529731185
284904.297612952
4086.594012479
36093.403388712
4686.592939598
206734.440165474
195261.472662798
363521.847578936
14773.546146870
18898.997592070
21718.966764226
19010.934207954
57541.135049718
102184.140121869
5734.576230198
16337.166720829
8647.853753877
13754393.955278091
16174.716869800
35252.949408841
296867.838761106
22630.620128486
1453375.742555003
8556.918380362
21528.640233632
22793.786370096
20440.605100306
98205.864784622
42651.476056930
15031.905011492
78232.992757501
6587.269282162
3183.982021620
2248.064687280
86231.020652575
22246.644371255
Case #65:
78709.865538392
65471.207370614
14717.797749341
39826.273264908
35270.165509727
15356.108347206
110804.901436483
51751.825527551
19328.353498014
63280.943134136
52456.335962973
197956.129810048
42995.593960312
38341.961874631
404.242246595
40167.047572062
840628.767600975
22019.865374228
1350386.194286662
74335.569548339
4347.583095433
3070.378682393
76706.946471403
155242.904948872
67634.854801060
5.000000000
35821.764218963
23153.856645928
109350.403549619
68573.725702965
2484908.990608690
86954.215441009
19328.353498014
50938.103541383
78680.158070426
13479.859381455
10850.842425825
39543.270363393
2035.224311229
107616.975573780
635725541.868821979
38871.634752603
61183.474357712
1257798.317419327
55767.269002588
20458.482469400
154455.601082916
205613.536775922
47860.401199329
129776.087720427
50735.536526418
137451.069316952
15495.216324094
609986.317743846
81332.582314951
9635.965331216
178410.808180560
205613.536775922
62560.262923939
197956.129810048
164632.563963544
39773.009872368
77175.326360037
10386.816745218
52174.193880101
56619.758409972
51891.592923276
62430.963768720
22449.001516058
36373.521334243
136427.203136033
16279556.018121351
50905.141419032
123063.636985055
Case #66:
128827.087031734
1001.319620502
15724.052429202
3901.544705772
970.376526531
33374.584304342
50208.223828603
4653.706616925
33051.008224453
168023.727193143
1283.251394525
7688.435154039
7910.653866991
1913.736622177
954.543590490
5517.589998636
1100.483720786
14261976.267166113
22059.640105164
221823.627895677
37436.528449402
39424.555691662
1132934.263566819
1339.997759334
638713.848324427
10858.136052304
359880.228518934
761.225771185
3932.106361491
1000953.018567487
35437.391072992
167877.661657090
344607.133331409
18293.569799249
8246.289157005
5756.961955804
39195.725738123
7110.188124358
51071.576119234
107635.673467880
252088.187684141
1472.593622652
37360.325608964
181761.640238546
65017.956574254
766775.448401707
2247.614062616
14075958.609298881
27444.919511177
54242.613661942
24843.108772017
28775.437085454
12874.948373690
Case #67:
68526.991454557
15557.068564147
21627.607616352
22152.431165964
67799.025109333
5024.821886967
11229.022228011
43435.844118643
26073.975784694
9231.892130869
43195.927221506
22904.863095176
96848.216982406
12835.209812770
38520.480038411
22936.177932103
13655.437004067
19852.043612447
95938.731201712
27536.760526499
246072.038080090
21075.205667604
98906.479175107
28851.223387445
77189.137945465
7665.755664730
5724.945329887
22778.833293094
20551.971791352
44768.906814462
24784.230744983
8376.187207569
63983.340694068
28219.692263876
44336.718269760
15539.551308090
22764.029657288
16766.121616377
1540.233034193
4259.045100558
65063.913021163
15124.002267166
5908.403266243
11268.520869388
54906.591593838
45956.969350303
19161.267696801
473913.163647059
1081751.821373562
724923.384772433
22803.444392616
352774.361866040
359463.454008256
35806.351475529
18718.832106023
169955.768914815
13510.106965967
18618.455970445
15502.325443223
3928294.487981131
35752.464439869
26411.927208649
10169.695919459
Case #68:
55174.364104101
3561.598531752
36659.210224771
188395.315654719
115663.719012326
79545.750318388
19238.752065964
8142.820510672
23324.826715936
4554.912775207
13152.307760767
57205.082426145
31298.856289008
32256.000000000
8810.637682911
22314.819094731
34177.466825371
10127.502266149
12869.017105097
7667.155073573
24897.249518154
6914.292996279
21680.464557968
9569.507236035
25901.279443465
26153.470132299
46281.623711104
16711.385438314
127369.312228320
21091.470354304
13535.336085890
238.631515102
79113.951929391
16769.101968900
9218.618658036
88191.629859360
3929.103393435
201636.329372249
16263.360947297
115663.719012326
4493427.467690724
46832.084369640
9838.806395113
26350.944810576
17363.222159978
4163.037179074
8418.265950745
96860.167251845
15832.107238238
18720.966859439
Case #69:
37851.454612221
50623.650484580
64103.831122703
34415.879794097
77915.514731354
65862.771484167
36148.456568937
219952.102163216
277581.274151947
129152.843153253
85023.702166167
193383.002953891
80542.728988710
36306.061491505
49554.430949098
69096.014523014
7421.706452269
279.331317589
880691467.999999523
261449.227514815
21265.886007168
34024.491083709
101748.289681528
78218.194864439
35978.598316666
52665.926626631
87383.828477495
97087.700030397
54977.652085350
74449.726645403
39343.338286614
Case #70:
36336.225490313
37880.695782734
16424.987884232
46236.770709429
28523.821366189
33326.556000774
39039.851048086
24995.023911247
29866.534833490
34402.339899971
33321.195518733
56985.291377184
35506.339357990
37268.030105424
38274.830473366
40133.307761930
29476.100082885
42701.997983948
69412.791917464
36019.102044080
34735.612875619
31355.875230174
13964.943068345
28318.029821961
53140.462178418
37137.145122269
31223.491625918
16662.178295010
9710.628179876
56395.305094428
21617.183850866
20503.592045562
37756.872162307
40325.608923707
32760.432729640
10633.415522429
27050.806742264
30491.129154243
34393.823001996
37196.399472210
34881.958387119
70913.959629604
54777.001171171
70640.401871764
30821.909564265
36682.833625957
31712.868316065
108321.368997390
44627.538419375
38760.810837178
29952.393090712
37630.924048055
44779.062898276
28974.138693126
55462.452328375
95728.249705852
34776.072675953
36704.112382104
35708.778914801
45427.515172887
35686.029089143
33437.138804722
30519.651062496
35352.772322594
37771.813078904
66478.381556059
32757.825480658
48807.000474049
4117.221770604
37861.383212430
296.493493412
36204.942529443
24981.574092302
31903.605350466
56970.582391650
47326.440340380
2136810.314800566
40835.148394726
36817.571840237
37281.071563101
41589.370170086
25573.040119826
46549.966348165
28063.926044641
36306.922199701
36316.538947128
35984.050397203
40840.685746085
43639.830266820
72430.069680174
23822.891448018
50255.189317837
36623.014315765
23088.990416390
136433.876415701
28860.713281006
35747.588907346
37387.102035228
33845.607470496
34626.112505525
Case #71:
29794.207701850
861793.910278920
896895.332801416
30278.445692896
255618809.999999821
2737379.794668254
23110.672470259
4.000000000
179412.469695362
247265.679943964
260527.937969382
148540.199763354
197749.254893574
31187.826895558
46750.761615954
101473.461665094
19459.909574761
42981.000000000
4749929.938711293
266161.605397983
381814.183038527
282240.165828780
864845.216198933
Case #72:
15838.073570965
419114126.035501778
33379.328977365
27403.107700835
23334.461101690
5910.471401813
40221.704135846
20374.826779544
57369.384439825
40162.410398701
25460.733405256
10141.326251170
8459.289859461
30563.193317347
44030.429439699
31255.090538211
16175.503576347
30968.935751872
26699.434647010
24217.651580001
19418.773889314
11656.192560193
5752.003049337
21804.374875576
46274.456930802
39675.052756707
50348.947282882
25991.666530689
25635.933977894
29523.203755949
24202.401468880
33763.306956806
24131.993734083
18666.985136393
16279.295913921
31659.942870589
11326.500781355
24736.036810288
18467.646368970
51389.217297102
13959.017938127
9141.633638667
22963.851678605
25309.331092665
23836.436427830
30784.416076893
34733.703916794
26777.032849544
Case #73:
83514.457270826
55372.536532439
173912.977818713
56965.292453459
94956.769025426
11894.324002886
630100.296925272
28462.609031303
78529.148717654
5822.431781683
952997165.000000954
29232.000000000
3012073.722148138
37749.321404007
67870.195340538
61196.028463313
47383.025988653
88864.245029258
104780.848840735
65303.916349983
568988.899160229
26971.067173854
256653.749957578
114671.891263753
74934.414213908
104308.956951863
72532.109311744
48966.802884532
121810.253865200
84268.833430500
343287.167116176
87702.712602750
55923.423225201
27092.499417742
64711.855346672
44242.672526270
24199.220966638
160689.716149970
53901.350410156
106519.189523215
2102784.922323567
327373.790579964
290728.496110701
71651.125019443
130430.810308892
92078.750300894
84951.426968509
73326.655739608
59564.664235843
61059.582423653
43111.102342238
75389.611457477
11129.587383455
64182.743890192
56119.499422925
6522.830866663
27919.956132896
85726.423134354
88364.055528530
102281.013353105
761601.343041246
242082.700195528
195747.595630800
580198.646652256
11256.048221431
Case #74:
29913.894136705
24617.608926503
50062.783363055
29759.496370039
36583.571617600
38948.558271006
20710.921389482
178132.394824401
23707.662790740
51042.099352062
25390.643405657
26447.104068521
23637.814613016
26830.422282223
23063.634933153
34396.895182963
49914.250255833
37739.153714249
28279.636743978
28866.148751285
21229.611961487
17532.354123683
11458.399010785
24413.419697814
201028.253528590
46623.985109321
86710.310491797
17410.359143801
22791.467059161
24877.810105325
23000.142953485
160660.216064400
28165.235906244
23420.968752576
26850.341511782
27606.822985208
15445.705925505
158672.736661058
35391.107313167
34733.308554523
30298.523707771
62019.881443071
24767.757806563
26340.188998870
35061.502934373
27388.877679438
37464.486613492
77249.580726238
24779.163571730
33660.586419864
30770.133533671
26138.651164700
26185.048236755
12219.094246947
54522.301818676
265949.478599769
2805.373511848
30485.364264582
30421.625260793
34539.613841535
27185.268390281
34228.503051399
31923.278168072
52129.927703109
657960.260633163
17182.993770231
7255.255775084
30770.094975665
29446.579190241
41799.110351923
28801.158444715
21083.333443422
17371.241654260
157943.294000159
27541.374024912
29050.376064323
17150.683762098
24655.547719735
24775.707568223
35180.528528960
16204.859646169
6372.978464793
39390.993656214
20141.287103207
35982.676817197
36330.704074746
6618.930954377
16716.340445333
27171.324352913
52568.771757962
42551.427102445
59096.349877382
41812.992816479
33206.625153909
26958.592507488
28607.528591522
36181.889084040
22926.751929674
36835.749659476
23189.450492687
Case #75:
59618.240523825
18541.787862166
25783.100995923
88612.115139518
29684.843844797
65947.468407586
40514.377244750
36247.636625149
40118.515409134
16568.441240805
63321.994645628
32972.116507496
43011.556374937
31406.446568899
68540.814867847
48755.839060367
201285.803248763
22243.835051243
44557.900834006
48772.851370549
19601.683732078
30070.407636921
40423.190008216
48166.261222915
48598.718472518
13368.528646238
58023.015396446
72336.656951011
24775.427105489
85219.843149819
28989.126944765
70548.344362378
46900.037695826
29097.309249999
46807.390996677
14113.963381702
84295.027402759
65345.323945831
116195.556668911
88980.049337143
6283.757871083
41764.065471848
7677.998574669
66112.563219907
29736.389360170
62117.951505652
46657.960293940
66610.919997498
54257.809167183
43934.359618039
17886.408313620
40774.084059449
45081.683721458
73546.989322297
74359.482578019
93291.628688922
43798.082480695
93574.902148030
38917.030117746
55780.073152207
61826.225849148
21768.450318638
29717.105055020
25428.127132302
40108.379888427
45018.081681142
28819.692215650
42309.566171047
24577.787009176
53759.698975770
43257.214348103
56336.260867368
56148.838259546
218673.213596208
29539.300325023
41320.383716548
48898.768292456
11549.823038688
79783.263732629
68252.882613202
37527.257534843
17957.745877089
82954.943682321
47097.666541343
30685.361421269
46605.557171770
22636.915222987
31565.129459879
34553.946483988
47719.662498850
56407.312399551
60644.284834237
80295.442750307
79545.440161818
143180.444236342
72661.221508551
183384.240765923
75208.397020559
20501.288356865
615.247917510
Case #76:
649366.614507735
2258.375464511
186853.181561910
109445.055412819
100251.508224471
107155.535448914
601113.880146006
101505.964361615
108504.648392334
94941.978129155
351853.752632628
137873.415593076
3166.168319728
44629.489523493
41612.832404547
138213.163520410
39540.242875712
1389814.535691837
131046.219512994
7834.613353903
65456.808147115
116420.203632330
53002.339496649
425792.256539965
73146.927798960
91953.630014558
42308.054175766
207128.023532802
398626.394920309
6653.488682986
63222.770311706
107335.467664601
27606.487660671
78769.729946810
167333.654904970
273820.512527075
126040.224026770
37057.964153393
93671.478696922
175663.429375728
387214.167800940
1906889.094936829
111912.337123002
414901.231369101
76374.681888502
227210.162183637
74426.442126037
140209.447695915
44914.898929289
109453.497489493
483595.062077055
5864548.103144010
211580.648328919
251295.023900596
176213.781017913
73432.842823915
97903.727727038
87048.294057875
141938.829897876
164846.884924869
251890.945919112
49099.465847038
681316.584195795
160988.511397354
129249.393272609
30546.740825333
40880.322980676
Case #77:
29997.318636191
18522.552091435
27661.720525749
40392.933082024
21083.175680028
282071.730126341
31946.566745552
25748.371851451
177436.783560762
58587.948296910
79692.808475362
70625.508047479
313.643109282
20558.969102511
20687.583831772
15969.806002005
48185.396696002
28316.310239838
209518.625856623
80898.909626045
235942.357349426
20323.064335872
57763.437164535
19938.194183159
43883.776153032
190210.808432432
72481.317043042
71220.476314140
72541.013985080
80884.134520445
17869.126682242
477547.440693081
24593.052772619
269961.416449812
17041.534417797
48307.810649162
32097.977873107
2.000000000
54761.887976500
244194.752723630
96757.519240370
41574.785052251
12193.052700369
Case #78:
1.000000000
2.000000000
Case #79:
29494.178861365
24621.121358754
67087.296530168
25629.863960590
22137.335087080
25334.960031059
21471.627322336
32984.220192323
22505.112093917
26475.259603420
45718.717562348
21500.608854270
55361.704951918
53575.803837372
18132.336494381
54305.717874286
27919.862823490
40593.121807605
33496.077399067
30769.595227758
25620.251087920
33276.385927259
10493.643766271
32551.490652283
30512.608822350
24303.907073856
38205.180753418
50092.902041023
36290.274606341
47309.749307820
57051.050463757
21251.393296193
27160.156628995
229052.888178267
29828.178248306
28239.709185321
39293.222157332
18494.403363783
17983.818715309
24266.762700895
27024.968215018
34128.151318283
26081.517456357
18777.211693341
19401.574444771
25312.988613115
38927.378820056
24794.482870930
69562.970878576
26462.646376529
25253.092673810
30816.240117697
33457.396351288
13778.298380374
13955.226525468
24345.956395360
20564.874940894
26629.597628046
41134.679314863
28609.492382420
32268.388258992
22528.457607288
36192.348177028
20305.518178957
126859.711674747
49186.158668881
44326.339747556
28942.767350747
37523.100850156
60737.954295783
12210.038172388
10796.350181082
21487.736668428
30648.025098626
34887.683418327
26028.759955695
39020.190132690
31910.023801394
19300.704686604
35619.600122718
41757.220700118
97792.577689019
23259.533448925
12384.450393356
27756.747008060
49663.152959610
29892.765619632
54859.243497480
17531.521734454
33449.865569969
30881.507293895
27398.479820369
72496.270603920
18121.059627865
24304.011089903
37214.823595840
19524.571842583
24670.135312703
21718.920830431
15848.861155402
Case #80:
41466.164887543
67357.215528404
22892.686356126
54806.180702344
37574.420282792
32742.777092389
46294.391311761
4410.252522508
39509.153647586
43519.530832793
42982.268027985
35626.971837227
54819.842633419
35681.722489000
39517.057054920
25921.141178918
53038.552602308
41859.384086145
28815.718406134
49194.404209673
27208.390591381
50484.280871587
37285.427265388
34868.338266630
31778.947600981
27673.350363386
94497.228566244
50046.354421541
51046.236520626
25705.840890809
33548.401283988
46093.352335856
58753.932203512
73048.838682726
51603.340502322
38493.471672140
51481.170180106
54104.356260254
42646.339092563
67233.983229573
48328.294148578
42714.335723594
97703.219686290
53047.116114709
52727.055984271
52412.011287116
30725.210146877
52224.401986917
40307.435442290
29768.909483647
42813.603387282
39460.880142387
34888.366247734
50808.828206198
35892.849892751
46162.370756201
55824.858165847
44325.416151336
49046.236499085
18243.847872586
42555.871542915
65585.459804919
52785.441438228
69144.606717812
40003.927995899
68216.808915180
43042.927871343
49438.687745939
58658.466236684
10483.735322720
51963.893793122
45058.498155557
41193.430380154
55138.795624660
48580.450867124
41357.410892441
50553.653530028
64977.155387193
18943.644909961
55273.771222375
44942.769956991
34700.632410635
63814.150469264
61537.983936579
249230.459122654
47901.428799088
18499.561033048
29146.296336681
82416.043811214
17753.231915566
45769.910980660
56209.329377371
58873.565957510
47802.928133966
13281.533804390
29246.079440925
23642.684361332
74813.632564460
36793.101716558
51853.174395866
Case #81:
20568.064024522
504.796988898
40672.951143648
25976.708920279
17001.381646692
1954.418335860
19529.249829164
17399.892861867
106597.754051436
29803.165191346
2143.060460733
25120.108479448
Case #82:
4733.124943316
1807.109813440
395328.693512839
58.268217523
1619.946706562
151348.813284947
17089.071594532
14760.519936148
201611.562952305
1963.919100207
6385.916846202
74313.651461931
7020.682629305
18148.073961621
456053433.816687524
27700.142329891
15762.729286735
39423.838327482
4242.375558511
70492.516908155
81969.598242304
168098.664923607
23876.224538148
29744.000000000
1672.799242802
27806.917313525
30991.829520053
28112.795363924
2608.253706616
6972.496748947
28428.397672925
70881.053930472
74352.066309095
59463.983594143
9104.624198514
25915.779086445
6333.054192181
1990.184757484
19933.420403724
58216.854241150
15936.288178089
257161.638885908
2183.382958869
123544.973292976
26832.866142146
31587.977421873
22252.330998822
91025.976658750
75746.294198041
10694.374118324
32579.528054157
48524.992385231
146993.709375462
45016.880005754
41190.820589723
3161.075984845
430.889914174
25462.468573394
1945.795014296
37599.165531923
38936.139062013
101913.332296900
8509.931307339
9197.713198369
553.859571253
39131.677079413
57512.396478536
48311.356252183
257761.299997163
81969.598242304
137200.926798086
11202.983490081
60785.136143633
47306.662015507
23603.729516331
5458.740742828
9171.114153615
516819665.829604924
41663.421004272
11825.870672811
383694.582234861
187.197213852
148667.983666120
2142.684074252
181953.641798604
9179.566527636
23361.508919588
31038.325864081
1638.799348742
30417.556586434
1379.982370598
9806.667365367
36099.936974436
353031.113834397
1720.197171026
14210.510330146
57553.760853979
2.828427125
Case #83:
6330.558312257
4764.047085379
206.403447239
23095.414209622
8998.757671832
226.645097013
4607.430215564
4418.098686576
7774.166255304
8767.820865724
5729.286926722
3129.528536894
2633.878599287
36516.213175089
8839.877964909
88322.090315575
524458.224857365
5190.430463432
3838.944978707
8604.336665155
13573.429102569
14243.726482245
31767.286096580
11570.141904369
92.148112625
7739.228199505
4164.931153858
21818.239948133
3951.369176280
6.694329501
55.980404796
9502.954639021
3118.062639482
9426.683009121
43659.474358342
Case #84:
4028.248832078
1091.079130490
19819.510747716
21608.068728764
96948.596639474
2146.694454428
31777.672250019
18367.002653933
13147.233658328
548900.944882371
62379.035860606
50128.643755313
2448.493522021
7289.584165870
29778.809020114
96064.269578398
10907.098528900
13523.221660161
9523.203702267
4459.375276571
4456.441981821
69561.141959678
13071.860419724
17904.277958810
57496.371235438
111033.968101025
40867.206159268
50711.712625139
832.350612829
32207.342452036
14689.149037504
14238.418079941
50595.355009530
20569.957648022
6943.871086548
213111.041044176
36552.442121911
51487.680670694
96064.269578398
42825.089721521
3593.610901206
98160.628391853
12532.952095594
40959.394870167
86782.855072869
3713.825367918
324.471104926
47772.184653599
92124.183003978
1748.782838966
5552.285220988
302.018211371
48703.471868030
1749.364668280
17258.421840732
18449.626823528
101997.158157486
32792.485312320
17461.888627070
7077.254308547
29136.341298702
11099.777520293
16889.126835647
Case #85:
87989.526084575
49432.862208982
27146.440412219
15437.514681169
98368.587908605
Case #86:
5508.425203572
3018.213037319
327820.086340702
157.862384222
122143.417311027
39870.316307854
3785.688356330
19383.552042234
2380146.276925434
66114.075120223
17022.398097203
140552.805645013
315105.806029209
77487.923480798
726962.462895876
97142.046781165
8221.052070652
55619.747591031
37590283.143637896
4094.187408345
41511.859816944
50519.931907800
29510.563180762
800283.537091318
101121.703438756
16300.173387824
32049.337429916
75334.666414542
27150.548476599
1112204.525874742
71471.807969465
33920.788224516
81677.774487249
18602.075364534
30751.212313998
8277.383507973
83890.016632267
239642.824203537
38068.257867502
17316.934425165
141641.882703543
Case #87:
1467554.950646989
79000.682023727
26076.278415449
106378.681916317
193325.360469739
58416.038676790
647.332990045
167887.553367945
595945.911100558
15011.327684944
45275.494727714
47382.912834471
2099100.499091589
114001.384485700
8388.201206979
902.738136004
49145.293756018
84526.642395947
55741.814622025
260186.020921474
116747.636750257
33894.935802073
61802.158073679
107042.437933959
17872.462143117
679972295.999999404
55015.728360396
7395.594286097
45088.149904569
32659.910484498
103444.954159375
31147.138942104
289836.242476039
95325.967437024
63482.368166396
27922.345982370
272853002.836810350
55019.378560797
28190.641970555
56645.977739557
27500.670446386
84697.368958082
17824.478475479
96435.565311269
117485.687708218
50141.276890178
202058.337110784
56105.249138909
51204.701046663
102849.855224536
11960.578178813
181446.933371312
52618.884653145
1178.802109856
234805.785371255
33548.853501041
107822.181286922
32167.631201421
10370.061336164
84405.255041913
42920.404167824
57597.686631354
56960.451466071
88672.788561728
117146.262667936
6043671.436176449
2.000000000
71720.931475724
72380.575477601
82389.063559716
63346.382442177
149149.660258329
36875.873867968
95538.977873048
77706.081940996
33602.015502000
60339.125227708
60750.609417088
8255.141862474
59275.340289636
470394632.350927889
85763.438463036
144098.862209653
477971.924072048
305198.800254971
9859.528734289
22333.130721067
100251.462047309
56011.647892300
36799.992751659
111211.106761699
46665.714877972
10201.828424836
1636.313809454
79300.636104107
58472.821386948
42996.500476752
Case #88:
44289.425976816
25595.480705458
102135.662085003
38371.578198512
4.000000000
10064.785599416
42517.198125872
40723.516057727
520684.896214236
101957.168805429
38771.457187908
28063.217206224
127757.624876995
19153.988278086
46234.569657735
21984.926917809
566.743328148
48314.261410064
48535.235929744
120646.153305193
34251.822522902
39701.793923062
12112.676097392
34077.452372850
434399.412112942
995.288082542
46318.494535653
642.616384324
120217.118302170
4248.080793384
17012.286412903
50281.020831446
24005.459459632
69974.553715957
1168217.961491352
171897.430472770
63618.500307813
1253112.542543572
22023.853730061
Case #89:
47539.208226508
41794.350347262
97446.898313428
654.633445165
165685.368732722
112362.622148937
37039.189515590
55962.145037036
56720.346317391
159365.935193889
71648.126994834
50943.772098361
9666.347570617
46509.350670253
41305.475503163
52645.580899471
49346.334874034
51798.792083429
47065.336524237
45767.840521144
113953.637683454
47343.318419635
62311.341857915
71346.299683313
55977.521313169
276599.434878067
50970.489744231
12804.873893422
110542.815570119
50207.123066926
63231.043268922
54706.923690637
35357.276683953
19553.832635587
65334.960357418
38608.646877035
52626.182600433
37923.875051857
14892.533972200
106650.891446138
48085.120087764
58341.262105821
59913.539553513
514402.670118173
18271.250817074
1785875.300000400
9963.055743364
2635397.010948733
53556.313803415
69653.773934492
153385.044755264
11433.911275955
67409.502211897
132154.181100097
36780.843692972
52785.577925081
9192.001575978
79145.904359888
47907.902784329
194142.272079119
42544.613624622
87890.907502182
59453.642326511
40440.528003076
49578.519115289
71406.101927809
58466.209453190
46165.856925309
65597.591273984
88177.656706381
65063.051304107
33692.632298570
189880.486343817
111537.859281854
46279.081459404
40771.776829575
51481.297297110
141700.693952538
55610.338519510
67065.457799493
18476.916531591
60271.992171974
42996.841728530
10711.055835200
39053.605745975
56066.964562048
65318.590943063
43016.053231316
45764.903895493
53939.376748643
258957.761218791
29280.701984072
48179.169171712
90145.109460244
62597.896735236
73139.002952593
53916.747264691
34468.796235640
42813.314941995
48514.188398661
Case #90:
42502.728325561
33049.856965658
34507.346174454
80348.868151268
62553.134111436
38388.222714867
25146.453233614
36649.918886854
32234.448047543
39266.636561616
44418.804919981
16230.794115497
42263.924681976
59022.757501147
41510.568070757
34124.462354545
34971.687228255
25931.159725708
43173.775160356
42946.470581526
49265.545688645
43460.869511349
57191.050084401
42686.427314187
37872.936254050
38650.138278171
96599.206014393
34400398.325951628
14908.325020473
43478.976146075
43368.938593238
42901.237118599
22133.231678062
27995.990830056
25242.311746620
100032.658244958
14030.588619952
44031.721048117
31343.676199186
40474.738012263
27531.139719030
32869.513208652
47798.565665985
36668.030530173
40384.625820105
37280.058203172
36369.741686798
55506.929953672
26562.576447930
26168.561754823
32215.347356567
45394.436120173
50945.347560091
44928.095149064
42890.431411370
41193.874862568
55281.202913444
43301.459266817
17129.555752847
40373.001631018
39483.595225757
46081.144360114
11326.221931156
48031.213047997
40958.642159035
31748.696237017
1758.395195804
33382.636290111
42680.895301920
40351.657945973
58196.862037664
18692.040832352
59947.110077984
35273.684425822
38805.170213890
33445.756611333
63051.608507236
58623.061004740
15985.341862854
42705.110880018
11682.909482835
218018610.086751133
13844.289390944
26559.165553377
54717.438184513
21383.397251310
31255.329971639
33716.808932590
47047.467562939
51008.750647688
31945.803035927
88119.593186649
43427.918766483
43202.171621695
45647.402791730
35987.127415605
31624.299298134
22441.096391647
185822.650108231
34195.949495607
Case #91:
34961.091445940
26080.209345581
27403.483179530
34402.873283963
33144.097301627
74982.767805029
31767.466345633
36868.865573765
30944.682522970
27965.735455244
17349.931780341
26633.672746089
26378.198431370
18181.832331582
27931.035830582
30979.870531088
8299.052252313
21967.867184467
29824.458658977
25889.714700382
29369.200618805
1052.674709491
17697.283545557
25171.748099115
29105.078129926
48733.015894858
25671.148674821
28013.599300375
32500.469559511
19576.066471313
33288.573655685
29604.593719027
37.916531777
27643.689285921
26112.463608233
31442.190334884
22735.407687832
17388.006996847
46725.693232686
22149.487037299
26523.387241078
22462.703553419
24784.657213524
28251.376563770
31897.314641938
27335.265895448
32590.179683746
29232.724541538
27148.502220481
32474.951483970
27391.800408133
25752.281184075
17880.469996462
34927.503904730
36067.001697855
49635.887789352
27482.226147633
32787.317187718
33984.003905754
8630.691611119
22207.296616039
39789.406130902
21241.053221623
21760.652085184
92.499488675
29758.141014234
19444.490084751
28883.734465338
19563.097983487
37828.961416067
31484.534137195
22202.427265526
36795.892463867
35434.537870523
117160.944159966
35872.209814348
32461.567603355
45552.598521137
33004.214667438
31891.885920538
27228.569355677
31063.911661042
40095.512828845
163726.827915580
15216.444951453
29393.620020578
34866.277357882
23775.700288304
22380.026732573
300459.224604342
30175.487944185
28453.557978990
66747.826361316
23335.972168831
40962.680950615
9577.633423758
30879.100468957
27049.591099806
15536.999514984
18029.808442696
Case #92:
7202.452092378
1770.094618096
854.451456546
7408.554260332
15621.355539448
3394.393054880
2926.549120540
549.706386410
4175.198355176
5750.218115326
3806.319593285
716.422361460
3793.178479206
2047.296042095
1024.341016669
1039.086330126
1497.518788615
7408.440978825
2833.953928978
2589.138166667
6.000000000
1497.518788615
9.000000000
2831.721542189
4163.099080266
12962.873096416
1839.929097492
8199.545790824
4259.212392470
1246.747032036
1283.871580784
2876.435885622
188.954553615
292.390423785
486.991315524
1644.797997728
1807.169457641
3203.511195763
1054.441548331
6156.071861357
1359.242845041
30627.386181227
8199.545790824
868.742002885
920.193591284
5920.926348399
1207.809125087
2061.193215673
52487.260234105
1584.201608857
2836.895622873
4234.144376794
716.422361460
1678.399046864
902.303549108
2460.108796106
15621.355539448
9730.584358445
1024.341016669
6841.385396987
2961.633916516
42471.687025290
39319.665142255
3176.886867831
1448.932331839
2833.953928978
5161.185898308
2168.103588446
2589.138166667
4784.170615850
1107.662524406
79689.164098450
5319.573612607
5.196152423
3506.254404822
2587.495069440
3350.654224836
55494.714837411
902.303549108
2405.656684621
694.314671722
7748.383749683
3148.555477721
4715.026467122
1807.169457641
Case #93:
3600.375405747
8863.629610833
44842.310289167
929.002481028
9126.319458671
153654.302035914
15716.060621768
16597.839839072
4849270.208587220
12507.751788719
11840.124619424
2887.252513018
4099.666247368
8813.076932030
806715.194768436
25878.156156712
28230.132951858
14635.157663835
8859.693919955
5124.543508103
2715.475872355
14071.989625614
50768.800372716
11587.667923013
13282.058735256
11327.353198606
22315.687516498
5592.978535685
7232.014096687
10178.612392625
1760.811573611
12287.139969789
11723.559631055
7718.694516858
66048.541671861
118879.270541016
19095.256668814
169.383847770
31189.000179520
122406.131712091
14960.111125021
8839.880784726
713457.191240369
112269.466583822
19115.857675320
9809.644589014
10534.781705895
1810.290038945
3238.809350249
570091.188334433
6299.245886659
8294.915910235
15088.929782497
45680.433196282
15289.101609420
21465.265308583
52772.692649839
15007.815511621
13511.893488219
141019.268770881
36781.345573468
39217.769488947
276.614644246
38813.078803976
35367.970662007
610.919297803
13681.484839383
10128.751157170
5249.348520714
25367.832034886
9219.321343580
9966.588266580
13160.048806623
Case #94:
31762.677748371
46363.398821831
31334.305707964
26697.809269215
416927.046557024
72738.240368364
823778.679733511
54541.251035519
34626.906139131
20880.413899006
35798.257417121
26502.530418740
18665.237731093
121350.357660996
29681.429123443
83695.485905125
315739.153710116
12259.145718039
62417.851471798
49858.855884064
62559469.999999985
34740.625521301
14152.823420855
33681.800576717
36509.672234307
17152.743624157
39614.334645893
11033.791038341
410191.020388933
17753.457332445
118034.229811366
15367.814535391
31764.449214613
70157.583692589
9444.234899499
35893.512877351
387258.282376035
62400.794541001
33806.541647328
69517.449848372
18451.291957733
319127.945402750
28222.865448402
45490.181901713
24127.952860472
19583.561333640
114462.640853284
28231.747050319
11087.859051447
30110.502826070
16413.034332556
30452.235645391
46791.705225288
23113.705773612
31777.507759880
12990.133922289
17369.586130045
44977.859941558
36748.434065356
31582.372878920
35909.373668962
4189.561417488
24370.198684599
716.556303203
69924.791908046
56557.771122747
7558.545447474
14383.757054583
9267.298033843
59893.458405225
23537.318603469
79147.530114373
515348.467892836
10202.133150353
23494.337967945
41853.233622677
Case #95:
56686.833320078
163818.248343035
22957466.172741383
89015.151844096
1370.851217681
531.605810753
42931.726147246
5103.428774973
217608.341876992
220914.538910117
3133659.138868549
402811.005792545
295623.463646087
41308.356900860
310281.081315311
Case #96:
999999999.999999285
Case #97:
35692.352637857
74492.848984106
31221.269446522
117474.948163947
879.692209427
1772.941193439
72021684.472772524
5538.025452571
20581.974472979
52269.805993157
227569.104173287
46096.503216309
15862.075466748
30441.139427220
49163.349064642
64110.552016506
38383.189706549
92604.197784327
21265.771457457
3369.130941202
125147.894609589
49214.640699406
41808.340873338
44389.466494052
36818.540968745
27000.464977600
104539.303601793
14393.390925375
4241.235754567
46615.347167842
152775.162630964
55540.765954475
32957.101767559
1551251.306537378
30677.005227636
2207.148837425
44102.042968471
24503.426060716
445022456.999999344
71093.737363081
2013677.180638791
1020514.949388865
214696.018393999
71309.655474341
16272.915328098
19912.801317285
15488.385851190
7613.506629887
22099.916915904
326280.487123365
107069.835361841
28818.118894279
241.526396073
109879.714085096
13099.909614403
93649.929162499
45643.196319878
3379.038248116
43355.525156290
66383.803173012
3835726.272833090
17206.739685532
35172.168584143
99839.601222260
65986.731528230
48474.857868860
12580.903504420
69182.242924066
50072.857212350
51803.136604518
11661.969736955
2061.803271993
34072.438518496
4874601.424603916
9595.662875953
26639.746066933
31373.263296051
53148.348893837
1551251.306537378
126189.524051601
99445.453183969
42264.215687908
18681.880275129
86880.117422679
5014.876896081
8592.752583391
218562.653875913
53646.462832423
114549.161018977
44551.488411250
926943.315158992
19530.144025447
9.000000000
69827.790435015
15734.526028894
88881.397737061
Case #98:
74662.390179968
Case #99:
325.293773309
633490.830226478
574751.167374099
180740.626910881
373988.913051748
29083.341762071
146503.899430000
61733.531391709
161086.677319687
447769.269855293
2189952.457801477
438902.008734159
491783.246311971
188936.146535569
787315.919671178
325.293773309
67635.751412756
94465.923144979
40856.533235212
819734.947583478
21589.898650511
337691.826128105
196749.917125799
136402.337430485
3517448.184449895
479385.919959693
276473.509067363
346764.363823010
290987.959122425
726178.806184319
24251.137462014
171770.896206136
19029.471264859
Case #100:
9972.905075883
2349.192702813
588966.414255061
25275.489764168
237061.898387646
116236.034061055
40947.832317340
12078.684784834
749968.374873026
15582.013199859
28257.160721863
1411236.257039865
10097.417353652
449713.600303896
421464.973375910
45209.892418265
8011.547442765
144161.644492662
24524.458425740
46592920.619058639
7222.453149823
2858.314442071
304354.296837406
28437.589682295
576490.883367380
22485.714054742
1410066.873165236
14293.828193885
3646.222823071
