Case #1:
541438029.999999762
1.000000000
30890.370027298
55354.363545259
30890.370027298
1581595.301776027
1581595.301776027
251.511431152
Case #2:
4.000000000
44198.989251014
4525.350251712
53072.754893636
Case #3:
1316927.962753212
73117.703320710
260.330109150
6.324555320
9.000000000
5399.037143996
5399.037143996
38835.288320825
1294.784094041
739.418824292
Case #4:
8.000000000
2055.464862413
1441.163891680
45260.487754253
821.617916066
42343.042742274
42343.042742274
531.529303403
8.944271910
531.529303403
Case #5:
175003288.999999791
175003288.999999791
175003288.999999791
175003288.999999791
175003288.999999791
175003288.999999791
Case #6:
1.414213562
2.449489743
Case #7:
155.245120308
3034963.054957997
46128.000000000
6.324555320
49654.684854503
155380.983496608
611.683741814
3.000000000
24893.155926881
Case #8:
3280.620706292
3011.079948469
1866.123166622
98664.000000000
2644.894053072
343.473434198
Case #9:
707893.889479639
5214834.379905940
587691.961975927
57068657.058971860
10734156.793499596
Case #10:
25298.239456343
28.881002669
45379.751846809
1.000000000
2144.023745324
672100312.000000358
4142.634276439
Case #11:
841.841266108
2470.991030808
2470.991030808
814.585784310
504.219685432
2641.129232406
1862.772121085
1564.044601502
2655.909997236
1862.960483712
Case #12:
315289.407838044
27562.544710069
4.000000000
2155.981117643
4.000000000
1585.006066811
26064.442077731
539.985184982
44558.464973191
759438.817522442
Case #13:
46833.000000000
41009.876920079
2010.174445888
416.461282714
Case #14:
3.000000000
9.000000000
3.000000000
3.000000000
3.000000000
3.000000000
9.000000000
3.000000000
3.000000000
9.000000000
Case #15:
18823.548151186
18823.548151186
9215.000000000
Case #16:
1199.060622029
40422.048137469
35622.684784123
448.387109538
244.377216622
169.812145611
35622.684784123
Case #17:
4.000000000
Case #18:
5724246.675327684
181.016573827
1.000000000
Case #19:
3502.789148472
8.366600265
1277.112978369
8025.903196746
28.716744967
514.891779731
514.891779731
Case #20:
85615.000000000
Case #21:
8239996.691896331
52898.939935548
747473037.000000119
197913.664066319
57083.877075756
Case #22:
76.372936148
Case #23:
14989613.487868382
3397.923421110
3775504.731213571
5.000000000
5.000000000
3775504.731213571
34371.274416291
Case #24:
649974.396584442
9404489.743891863
649974.396584442
5157.510434892
966954500.999999762
649974.396584442
2.828427125
2.828427125
Case #25:
40235.626095478
25961.000000000
24908.937813564
44228.213359196
103112.997740342
39242.836723993
Case #26:
488382.728071374
38544.000000000
649782334.685703874
1190883.450455422
1138574.538829699
Case #27:
70544.104771432
18197.471112042
18197.471112042
263725.426187462
54666.000000000
802739984.000000596
8.000000000
13779258.000000009
80136.882095574
Case #28:
25125.347480184
1466.891704508
25125.347480184
58882.915738829
87710.000000000
48245.788106321
Case #29:
5.196152423
293.785636136
221.316515425
157.372171812
71.928456786
18.667675015
318.249457413
8631.000000000
80.736962935
253.537484132
Case #30:
35876.427158702
2.828427125
327.866840163
19002.905172631
4.000000000
31340.945910377
19002.905172631
35876.427158702
4.000000000
7506.328340437
Case #31:
319679.743393098
834335.997021129
5740674.864443212
1641267.633410242
3527820.914502324
49091.435999112
Case #32:
41482.288734729
2244.811469561
194000.289837032
2429.389858499
65479.900479819
21943.826151182
246198.416100835
51433.979482907
166310861.000000268
37035.230970429
Case #33:
5.000000000
380.407675599
609.985605742
634.034699366
38592.257928243
Case #34:
1615.000000000
44800.860650215
89.861003778
2522.827562273
Case #35:
58527.911324427
2074283.357777364
428236.720491695
5434168.966298181
1330611.311314594
428236.720491695
Case #36:
980533375.999999523
6714073.541965711
624038003.000000000
2069118.965315433
10580035.770489302
28482393.565954372
3395588.470014221
47756.616808564
10580035.770489302
2157081.524015630
Case #37:
17913.891645305
1008143.278896105
54467.735734566
218688.550018984
322627616.000000000
14618.920166599
8191016.754204377
12774.000000000
54467.735734566
14134.101273317
Case #38:
1986.691500854
50560.574739613
341.384414639
267.402318614
50560.574739613
186.662624282
71.863553313
5.000000000
163.718030729
924.975266604
Case #39:
49139.000000000
49139.000000000
23546.000000000
23546.000000000
Case #40:
10208.042956414
Case #41:
8142.989617680
36750.689748629
407.668983368
151996.149463235
105.173047980
60896.000000000
105.173047980
45644.708550396
41561.558726839
20478106.843010865
Case #42:
16051600.161958162
42643.353081107
55466.235067418
1779744.886588606
810.477020032
408817146.000000238
2011.542700130
Case #43:
51184.499195575
84261.167758345
637250.829717014
637250.829717014
10557.488239470
27741.125856354
200617770.000000268
48806.619344201
96260.181217365
Case #44:
48868.613196027
638257624.587571383
638257624.587571383
2291.653033890
638257624.587571383
Case #45:
4546551.126960622
106874530.999999985
393673.163855975
59095.608629540
59095.608629540
60798.053253580
77919.428861267
393673.163855975
Case #46:
7107.000000000
7107.000000000
7107.000000000
7107.000000000
7107.000000000
Case #47:
105887499.446301192
118065414.950232297
177897977.442970127
268052167.450051755
37654368.629097469
Case #48:
58325.000000000
58325.000000000
363142.088870261
82869.730191428
73023.033542939
7225.525081821
612754641.000000954
90781.000000000
Case #49:
57457.000000000
2072836.218395942
76.408237190
1585.614622148
1384.610725790
333.949097918
4247.787555695
57457.000000000
24376.946993925
1107.082427259
Case #50:
999999999.999999285
Case #51:
6.000000000
3391.880310261
6.000000000
41.420615651
297.779338886
Case #52:
758092853.999998927
1189688.765357560
917545.897595479
6217244.350940540
712359.514761797
2577557.591971364
41679.000000000
2502.009392468
458913.419003735
5763675.349327749
Case #53:
34833.739872917
481033.857083835
Case #54:
10.000000000
37172.006344318
1913732.882264802
40157.395479307
390920.031064730
437186.630234205
32159.261185543
437186.630234205
526268.609809520
40202.248779766
Case #55:
33.623656977
3294077.783378074
Case #56:
400883541.309837759
496504069.054642141
443704758.485925615
Case #57:
34.703896558
34.703896558
76.065847826
63.121458809
76.065847826
102.220350224
4714.000000000
97.984234534
Case #58:
44484.186887839
70424.918413139
1452926.486009802
173.453163707
2076.275984129
7.483314774
78223.000000000
191450.685669266
370.422387448
3576.897326071
Case #59:
4337252.145207152
72842.262263346
373521.773804040
282248.442152911
69536.000000000
Case #60:
1792.437076585
95979946.999999970
6416.096094406
839.382138168
388.385278382
3.000000000
304.863726417
1352.309048090
95979946.999999970
362.546112562
Case #61:
4.000000000
6.324555320
6.324555320
10.000000000
4.000000000
4.000000000
6.324555320
Case #62:
16808.000000000
16808.000000000
16808.000000000
3856692.579778686
Case #63:
6.000000000
6.000000000
6.000000000
6.000000000
6.000000000
Case #64:
603421.859292656
35540.787223594
73681.059950711
1.817120593
35532.530757040
59766445.000000000
Case #65:
957.456824855
1074.820659375
3041.000000000
957.456824855
957.456824855
39.326214039
4.472135955
Case #66:
531966651.951259375
Case #67:
2677.684381461
644.733395970
191666.597602780
853950.781690794
Case #68:
14638.445204324
4.000000000
241.978885065
4.000000000
241.978885065
241.978885065
2.828427125
14638.445204324
4.000000000
Case #69:
1.000000000
2.000000000
Case #70:
4031605.362379855
4277142.392094983
24023653.101759277
853023735.999998808
4031605.362379855
Case #71:
549043.560173576
295185.805904327
16376.951237516
4119892.186968153
3.000000000
47707.803710835
172035727.452494830
55106.402946199
528939629.835253656
360793454.000000238
Case #72:
600.632999426
142.375781767
805.833729748
6.324555320
9.000000000
805.833729748
9.000000000
805.833729748
9.000000000
805.833729748
Case #73:
868319.034125130
78019241.000000030
Case #74:
5.477225575
10.000000000
32630.144202267
32630.144202267
1711.359153341
5.477225575
10.000000000
32630.144202267
Case #75:
3.000000000
1425.494239282
223587798.999999851
1112249.178486099
1425.494239282
12.489995997
957.029602268
440.133445407
5595.735652062
Case #76:
378998.705673388
6541063.649458772
5688473.022815369
2001069.921360373
763639.122820482
179128.382305853
556840.045869210
32990.378733807
1022020.410316004
47403.733291799
Case #77:
2470045.286568041
161666.990790962
30820.853181435
2801253.134985662
15762976.398228701
2801253.134985662
Case #78:
72372.000000000
522.701367182
321.160396064
1954.361272318
1954.361272318
Case #79:
193095.100504691
5564040.697018147
3996949.541966468
1296281.939316444
3996949.541966468
193095.100504691
Case #80:
29940.613470669
27007.024022508
22782422.000000041
324163052.493580401
9.000000000
9.000000000
58188589.000000060
1630709.424427193
3426.747132681
5318059.102170569
Case #81:
462.533868357
1.000000000
2219.094550267
153.443652649
1509.815834501
134.312824591
572.919715143
20817.669510075
1.587401052
996.062250412
Case #82:
611408988.184810519
5621823.812166740
606966770.403410554
102912524.975177661
2.000000000
65087024.365418680
26593.990957889
606966770.403410554
437795.354055724
Case #83:
699123842.542829990
848503846.172327042
639479107.546033502
Case #84:
992012042.999998808
731382988.355436683
992012042.999998808
992012042.999998808
731382988.355436683
539228408.999999881
539228408.999999881
731382988.355436683
539228408.999999881
Case #85:
143159966.999999791
349406617.000000477
223653839.133831590
143159966.999999791
Case #86:
66027.683407809
Case #87:
33398.982425092
27877.894247446
Case #88:
47358.000000000
47358.000000000
1.000000000
25592.570300525
29849.273614916
925930.427658942
57882.954537584
25592.570300525
Case #89:
74385.277360510
444568.247161342
80793.622118333
62249.982176423
80793.622118333
69093.050957791
444568.247161342
50886.872737475
36129.000000000
Case #90:
3.000000000
231.522387006
27.646041391
52.661182644
4.000000000
14.513605017
4.000000000
4.000000000
333.231471728
333.231471728
Case #91:
135.782631723
23.329544970
725.068848028
71.926742845
1423.531370644
5.039684200
6147.445621628
776553380.517546058
3.634241186
4122.974266467
Case #92:
98717.000000000
Case #93:
551777093.999999046
28869.767003121
28869.767003121
1.732050808
40.292029448
1.000000000
1.000000000
Case #94:
4.000000000
4.000000000
4.000000000
Case #95:
5341.225748297
13497.442837096
Case #96:
39685.271592771
800077.853357100
30106.277778900
375258.224863008
2850818.125974016
2850818.125974016
2.000000000
17486.495102272
1832.462178320
Case #97:
61246.252456783
61246.252456783
68034.151042274
Case #98:
10.000000000
21591.911886578
66592.658300319
66158.646245181
Case #99:
29962.762128175
33323.705512326
265572427.000000477
31620.470205233
88233.642286224
534530.493661963
124219.421336801
555890.098188695
6157.606013281
5030248.623991464
Case #100:
62.374767905
15511.225870317
1011.229327442
341.151385451
2593.385888419
